
*** Running vivado
    with args -log audio_top.vdi -applog -m64 -product Vivado -messageDb vivado.pb -mode batch -source audio_top.tcl -notrace



****** Vivado v2022.2 (64-bit)
  **** SW Build 3671981 on Fri Oct 14 05:00:03 MDT 2022
  **** IP Build 3669848 on Fri Oct 14 08:30:02 MDT 2022
    ** Copyright 1986-2022 Xilinx, Inc. All Rights Reserved.

source audio_top.tcl -notrace
create_project: Time (s): cpu = 00:00:04 ; elapsed = 00:00:05 . Memory (MB): peak = 381.965 ; gain = 66.773
Command: link_design -top audio_top -part xc7s50csga324-1
Design is defaulting to srcset: sources_1
Design is defaulting to constrset: constrs_1
INFO: [Device 21-403] Loading part xc7s50csga324-1
Netlist sorting complete. Time (s): cpu = 00:00:00 ; elapsed = 00:00:00.002 . Memory (MB): peak = 779.656 ; gain = 0.000
INFO: [Netlist 29-17] Analyzing 27 Unisim elements for replacement
INFO: [Netlist 29-28] Unisim Transformation completed in 1 CPU seconds
INFO: [Project 1-479] Netlist was created with Vivado 2022.2
INFO: [Project 1-570] Preparing netlist for logic optimization
Parsing XDC File [C:/Users/Orion/Downloads/385-final/385-final.srcs/constrs_1/imports/Downloads/Urbana.xdc]
WARNING: [Vivado 12-584] No ports matched 'BTN[1]'. [C:/Users/Orion/Downloads/385-final/385-final.srcs/constrs_1/imports/Downloads/Urbana.xdc:50]
CRITICAL WARNING: [Common 17-55] 'set_property' expects at least one object. [C:/Users/Orion/Downloads/385-final/385-final.srcs/constrs_1/imports/Downloads/Urbana.xdc:50]
Resolution: If [get_<value>] was used to populate the object, check to make sure this command returns at least one valid object.
WARNING: [Vivado 12-584] No ports matched 'BTN[2]'. [C:/Users/Orion/Downloads/385-final/385-final.srcs/constrs_1/imports/Downloads/Urbana.xdc:51]
CRITICAL WARNING: [Common 17-55] 'set_property' expects at least one object. [C:/Users/Orion/Downloads/385-final/385-final.srcs/constrs_1/imports/Downloads/Urbana.xdc:51]
Resolution: If [get_<value>] was used to populate the object, check to make sure this command returns at least one valid object.
WARNING: [Vivado 12-584] No ports matched 'BTN[3]'. [C:/Users/Orion/Downloads/385-final/385-final.srcs/constrs_1/imports/Downloads/Urbana.xdc:52]
CRITICAL WARNING: [Common 17-55] 'set_property' expects at least one object. [C:/Users/Orion/Downloads/385-final/385-final.srcs/constrs_1/imports/Downloads/Urbana.xdc:52]
Resolution: If [get_<value>] was used to populate the object, check to make sure this command returns at least one valid object.
WARNING: [Vivado 12-584] No ports matched 'RGB0[0]'. [C:/Users/Orion/Downloads/385-final/385-final.srcs/constrs_1/imports/Downloads/Urbana.xdc:55]
CRITICAL WARNING: [Common 17-55] 'set_property' expects at least one object. [C:/Users/Orion/Downloads/385-final/385-final.srcs/constrs_1/imports/Downloads/Urbana.xdc:55]
Resolution: If [get_<value>] was used to populate the object, check to make sure this command returns at least one valid object.
WARNING: [Vivado 12-584] No ports matched 'RGB0[1]'. [C:/Users/Orion/Downloads/385-final/385-final.srcs/constrs_1/imports/Downloads/Urbana.xdc:56]
CRITICAL WARNING: [Common 17-55] 'set_property' expects at least one object. [C:/Users/Orion/Downloads/385-final/385-final.srcs/constrs_1/imports/Downloads/Urbana.xdc:56]
Resolution: If [get_<value>] was used to populate the object, check to make sure this command returns at least one valid object.
WARNING: [Vivado 12-584] No ports matched 'RGB0[2]'. [C:/Users/Orion/Downloads/385-final/385-final.srcs/constrs_1/imports/Downloads/Urbana.xdc:57]
CRITICAL WARNING: [Common 17-55] 'set_property' expects at least one object. [C:/Users/Orion/Downloads/385-final/385-final.srcs/constrs_1/imports/Downloads/Urbana.xdc:57]
Resolution: If [get_<value>] was used to populate the object, check to make sure this command returns at least one valid object.
WARNING: [Vivado 12-584] No ports matched 'RGB1[0]'. [C:/Users/Orion/Downloads/385-final/385-final.srcs/constrs_1/imports/Downloads/Urbana.xdc:58]
CRITICAL WARNING: [Common 17-55] 'set_property' expects at least one object. [C:/Users/Orion/Downloads/385-final/385-final.srcs/constrs_1/imports/Downloads/Urbana.xdc:58]
Resolution: If [get_<value>] was used to populate the object, check to make sure this command returns at least one valid object.
WARNING: [Vivado 12-584] No ports matched 'RGB1[1]'. [C:/Users/Orion/Downloads/385-final/385-final.srcs/constrs_1/imports/Downloads/Urbana.xdc:59]
CRITICAL WARNING: [Common 17-55] 'set_property' expects at least one object. [C:/Users/Orion/Downloads/385-final/385-final.srcs/constrs_1/imports/Downloads/Urbana.xdc:59]
Resolution: If [get_<value>] was used to populate the object, check to make sure this command returns at least one valid object.
WARNING: [Vivado 12-584] No ports matched 'RGB1[2]'. [C:/Users/Orion/Downloads/385-final/385-final.srcs/constrs_1/imports/Downloads/Urbana.xdc:60]
CRITICAL WARNING: [Common 17-55] 'set_property' expects at least one object. [C:/Users/Orion/Downloads/385-final/385-final.srcs/constrs_1/imports/Downloads/Urbana.xdc:60]
Resolution: If [get_<value>] was used to populate the object, check to make sure this command returns at least one valid object.
WARNING: [Vivado 12-584] No ports matched 'D0_AN[0]'. [C:/Users/Orion/Downloads/385-final/385-final.srcs/constrs_1/imports/Downloads/Urbana.xdc:63]
CRITICAL WARNING: [Common 17-161] Invalid option value '#' specified for 'objects'. [C:/Users/Orion/Downloads/385-final/385-final.srcs/constrs_1/imports/Downloads/Urbana.xdc:63]
WARNING: [Vivado 12-584] No ports matched 'D0_AN[1]'. [C:/Users/Orion/Downloads/385-final/385-final.srcs/constrs_1/imports/Downloads/Urbana.xdc:64]
CRITICAL WARNING: [Common 17-161] Invalid option value '#' specified for 'objects'. [C:/Users/Orion/Downloads/385-final/385-final.srcs/constrs_1/imports/Downloads/Urbana.xdc:64]
WARNING: [Vivado 12-584] No ports matched 'D0_AN[2]'. [C:/Users/Orion/Downloads/385-final/385-final.srcs/constrs_1/imports/Downloads/Urbana.xdc:65]
CRITICAL WARNING: [Common 17-161] Invalid option value '#' specified for 'objects'. [C:/Users/Orion/Downloads/385-final/385-final.srcs/constrs_1/imports/Downloads/Urbana.xdc:65]
WARNING: [Vivado 12-584] No ports matched 'D0_AN[3]'. [C:/Users/Orion/Downloads/385-final/385-final.srcs/constrs_1/imports/Downloads/Urbana.xdc:66]
CRITICAL WARNING: [Common 17-161] Invalid option value '#' specified for 'objects'. [C:/Users/Orion/Downloads/385-final/385-final.srcs/constrs_1/imports/Downloads/Urbana.xdc:66]
WARNING: [Vivado 12-584] No ports matched 'D0_SEG[0]'. [C:/Users/Orion/Downloads/385-final/385-final.srcs/constrs_1/imports/Downloads/Urbana.xdc:67]
CRITICAL WARNING: [Common 17-55] 'set_property' expects at least one object. [C:/Users/Orion/Downloads/385-final/385-final.srcs/constrs_1/imports/Downloads/Urbana.xdc:67]
Resolution: If [get_<value>] was used to populate the object, check to make sure this command returns at least one valid object.
WARNING: [Vivado 12-584] No ports matched 'D0_SEG[1]'. [C:/Users/Orion/Downloads/385-final/385-final.srcs/constrs_1/imports/Downloads/Urbana.xdc:68]
CRITICAL WARNING: [Common 17-55] 'set_property' expects at least one object. [C:/Users/Orion/Downloads/385-final/385-final.srcs/constrs_1/imports/Downloads/Urbana.xdc:68]
Resolution: If [get_<value>] was used to populate the object, check to make sure this command returns at least one valid object.
WARNING: [Vivado 12-584] No ports matched 'D0_SEG[2]'. [C:/Users/Orion/Downloads/385-final/385-final.srcs/constrs_1/imports/Downloads/Urbana.xdc:69]
CRITICAL WARNING: [Common 17-55] 'set_property' expects at least one object. [C:/Users/Orion/Downloads/385-final/385-final.srcs/constrs_1/imports/Downloads/Urbana.xdc:69]
Resolution: If [get_<value>] was used to populate the object, check to make sure this command returns at least one valid object.
WARNING: [Vivado 12-584] No ports matched 'D0_SEG[3]'. [C:/Users/Orion/Downloads/385-final/385-final.srcs/constrs_1/imports/Downloads/Urbana.xdc:70]
CRITICAL WARNING: [Common 17-55] 'set_property' expects at least one object. [C:/Users/Orion/Downloads/385-final/385-final.srcs/constrs_1/imports/Downloads/Urbana.xdc:70]
Resolution: If [get_<value>] was used to populate the object, check to make sure this command returns at least one valid object.
WARNING: [Vivado 12-584] No ports matched 'D0_SEG[4]'. [C:/Users/Orion/Downloads/385-final/385-final.srcs/constrs_1/imports/Downloads/Urbana.xdc:71]
CRITICAL WARNING: [Common 17-55] 'set_property' expects at least one object. [C:/Users/Orion/Downloads/385-final/385-final.srcs/constrs_1/imports/Downloads/Urbana.xdc:71]
Resolution: If [get_<value>] was used to populate the object, check to make sure this command returns at least one valid object.
WARNING: [Vivado 12-584] No ports matched 'D0_SEG[5]'. [C:/Users/Orion/Downloads/385-final/385-final.srcs/constrs_1/imports/Downloads/Urbana.xdc:72]
CRITICAL WARNING: [Common 17-55] 'set_property' expects at least one object. [C:/Users/Orion/Downloads/385-final/385-final.srcs/constrs_1/imports/Downloads/Urbana.xdc:72]
Resolution: If [get_<value>] was used to populate the object, check to make sure this command returns at least one valid object.
WARNING: [Vivado 12-584] No ports matched 'D0_SEG[6]'. [C:/Users/Orion/Downloads/385-final/385-final.srcs/constrs_1/imports/Downloads/Urbana.xdc:73]
CRITICAL WARNING: [Common 17-55] 'set_property' expects at least one object. [C:/Users/Orion/Downloads/385-final/385-final.srcs/constrs_1/imports/Downloads/Urbana.xdc:73]
Resolution: If [get_<value>] was used to populate the object, check to make sure this command returns at least one valid object.
WARNING: [Vivado 12-584] No ports matched 'D0_SEG[7]'. [C:/Users/Orion/Downloads/385-final/385-final.srcs/constrs_1/imports/Downloads/Urbana.xdc:74]
CRITICAL WARNING: [Common 17-55] 'set_property' expects at least one object. [C:/Users/Orion/Downloads/385-final/385-final.srcs/constrs_1/imports/Downloads/Urbana.xdc:74]
Resolution: If [get_<value>] was used to populate the object, check to make sure this command returns at least one valid object.
WARNING: [Vivado 12-584] No ports matched 'D1_AN[0]'. [C:/Users/Orion/Downloads/385-final/385-final.srcs/constrs_1/imports/Downloads/Urbana.xdc:77]
CRITICAL WARNING: [Common 17-161] Invalid option value '#' specified for 'objects'. [C:/Users/Orion/Downloads/385-final/385-final.srcs/constrs_1/imports/Downloads/Urbana.xdc:77]
WARNING: [Vivado 12-584] No ports matched 'D1_AN[1]'. [C:/Users/Orion/Downloads/385-final/385-final.srcs/constrs_1/imports/Downloads/Urbana.xdc:78]
CRITICAL WARNING: [Common 17-161] Invalid option value '#' specified for 'objects'. [C:/Users/Orion/Downloads/385-final/385-final.srcs/constrs_1/imports/Downloads/Urbana.xdc:78]
WARNING: [Vivado 12-584] No ports matched 'D1_AN[2]'. [C:/Users/Orion/Downloads/385-final/385-final.srcs/constrs_1/imports/Downloads/Urbana.xdc:79]
CRITICAL WARNING: [Common 17-161] Invalid option value '#' specified for 'objects'. [C:/Users/Orion/Downloads/385-final/385-final.srcs/constrs_1/imports/Downloads/Urbana.xdc:79]
WARNING: [Vivado 12-584] No ports matched 'D1_AN[3]'. [C:/Users/Orion/Downloads/385-final/385-final.srcs/constrs_1/imports/Downloads/Urbana.xdc:80]
CRITICAL WARNING: [Common 17-161] Invalid option value '#' specified for 'objects'. [C:/Users/Orion/Downloads/385-final/385-final.srcs/constrs_1/imports/Downloads/Urbana.xdc:80]
WARNING: [Vivado 12-584] No ports matched 'D1_SEG[0]'. [C:/Users/Orion/Downloads/385-final/385-final.srcs/constrs_1/imports/Downloads/Urbana.xdc:81]
CRITICAL WARNING: [Common 17-55] 'set_property' expects at least one object. [C:/Users/Orion/Downloads/385-final/385-final.srcs/constrs_1/imports/Downloads/Urbana.xdc:81]
Resolution: If [get_<value>] was used to populate the object, check to make sure this command returns at least one valid object.
WARNING: [Vivado 12-584] No ports matched 'D1_SEG[1]'. [C:/Users/Orion/Downloads/385-final/385-final.srcs/constrs_1/imports/Downloads/Urbana.xdc:82]
CRITICAL WARNING: [Common 17-55] 'set_property' expects at least one object. [C:/Users/Orion/Downloads/385-final/385-final.srcs/constrs_1/imports/Downloads/Urbana.xdc:82]
Resolution: If [get_<value>] was used to populate the object, check to make sure this command returns at least one valid object.
WARNING: [Vivado 12-584] No ports matched 'D1_SEG[2]'. [C:/Users/Orion/Downloads/385-final/385-final.srcs/constrs_1/imports/Downloads/Urbana.xdc:83]
CRITICAL WARNING: [Common 17-55] 'set_property' expects at least one object. [C:/Users/Orion/Downloads/385-final/385-final.srcs/constrs_1/imports/Downloads/Urbana.xdc:83]
Resolution: If [get_<value>] was used to populate the object, check to make sure this command returns at least one valid object.
WARNING: [Vivado 12-584] No ports matched 'D1_SEG[3]'. [C:/Users/Orion/Downloads/385-final/385-final.srcs/constrs_1/imports/Downloads/Urbana.xdc:84]
CRITICAL WARNING: [Common 17-55] 'set_property' expects at least one object. [C:/Users/Orion/Downloads/385-final/385-final.srcs/constrs_1/imports/Downloads/Urbana.xdc:84]
Resolution: If [get_<value>] was used to populate the object, check to make sure this command returns at least one valid object.
WARNING: [Vivado 12-584] No ports matched 'D1_SEG[4]'. [C:/Users/Orion/Downloads/385-final/385-final.srcs/constrs_1/imports/Downloads/Urbana.xdc:85]
CRITICAL WARNING: [Common 17-55] 'set_property' expects at least one object. [C:/Users/Orion/Downloads/385-final/385-final.srcs/constrs_1/imports/Downloads/Urbana.xdc:85]
Resolution: If [get_<value>] was used to populate the object, check to make sure this command returns at least one valid object.
WARNING: [Vivado 12-584] No ports matched 'D1_SEG[5]'. [C:/Users/Orion/Downloads/385-final/385-final.srcs/constrs_1/imports/Downloads/Urbana.xdc:86]
CRITICAL WARNING: [Common 17-55] 'set_property' expects at least one object. [C:/Users/Orion/Downloads/385-final/385-final.srcs/constrs_1/imports/Downloads/Urbana.xdc:86]
Resolution: If [get_<value>] was used to populate the object, check to make sure this command returns at least one valid object.
WARNING: [Vivado 12-584] No ports matched 'D1_SEG[6]'. [C:/Users/Orion/Downloads/385-final/385-final.srcs/constrs_1/imports/Downloads/Urbana.xdc:87]
CRITICAL WARNING: [Common 17-55] 'set_property' expects at least one object. [C:/Users/Orion/Downloads/385-final/385-final.srcs/constrs_1/imports/Downloads/Urbana.xdc:87]
Resolution: If [get_<value>] was used to populate the object, check to make sure this command returns at least one valid object.
WARNING: [Vivado 12-584] No ports matched 'D1_SEG[7]'. [C:/Users/Orion/Downloads/385-final/385-final.srcs/constrs_1/imports/Downloads/Urbana.xdc:88]
CRITICAL WARNING: [Common 17-55] 'set_property' expects at least one object. [C:/Users/Orion/Downloads/385-final/385-final.srcs/constrs_1/imports/Downloads/Urbana.xdc:88]
Resolution: If [get_<value>] was used to populate the object, check to make sure this command returns at least one valid object.
WARNING: [Vivado 12-584] No ports matched 'HDMI_DO_P'. [C:/Users/Orion/Downloads/385-final/385-final.srcs/constrs_1/imports/Downloads/Urbana.xdc:91]
CRITICAL WARNING: [Common 17-55] 'set_property' expects at least one object. [C:/Users/Orion/Downloads/385-final/385-final.srcs/constrs_1/imports/Downloads/Urbana.xdc:91]
Resolution: If [get_<value>] was used to populate the object, check to make sure this command returns at least one valid object.
WARNING: [Vivado 12-584] No ports matched 'HDMI_D0_N'. [C:/Users/Orion/Downloads/385-final/385-final.srcs/constrs_1/imports/Downloads/Urbana.xdc:92]
CRITICAL WARNING: [Common 17-55] 'set_property' expects at least one object. [C:/Users/Orion/Downloads/385-final/385-final.srcs/constrs_1/imports/Downloads/Urbana.xdc:92]
Resolution: If [get_<value>] was used to populate the object, check to make sure this command returns at least one valid object.
WARNING: [Vivado 12-584] No ports matched 'HDMI_D1_P'. [C:/Users/Orion/Downloads/385-final/385-final.srcs/constrs_1/imports/Downloads/Urbana.xdc:93]
CRITICAL WARNING: [Common 17-55] 'set_property' expects at least one object. [C:/Users/Orion/Downloads/385-final/385-final.srcs/constrs_1/imports/Downloads/Urbana.xdc:93]
Resolution: If [get_<value>] was used to populate the object, check to make sure this command returns at least one valid object.
WARNING: [Vivado 12-584] No ports matched 'HDMI_D1_N'. [C:/Users/Orion/Downloads/385-final/385-final.srcs/constrs_1/imports/Downloads/Urbana.xdc:94]
CRITICAL WARNING: [Common 17-55] 'set_property' expects at least one object. [C:/Users/Orion/Downloads/385-final/385-final.srcs/constrs_1/imports/Downloads/Urbana.xdc:94]
Resolution: If [get_<value>] was used to populate the object, check to make sure this command returns at least one valid object.
WARNING: [Vivado 12-584] No ports matched 'HDMI_D2_P'. [C:/Users/Orion/Downloads/385-final/385-final.srcs/constrs_1/imports/Downloads/Urbana.xdc:95]
CRITICAL WARNING: [Common 17-55] 'set_property' expects at least one object. [C:/Users/Orion/Downloads/385-final/385-final.srcs/constrs_1/imports/Downloads/Urbana.xdc:95]
Resolution: If [get_<value>] was used to populate the object, check to make sure this command returns at least one valid object.
WARNING: [Vivado 12-584] No ports matched 'HDMI_D2_N'. [C:/Users/Orion/Downloads/385-final/385-final.srcs/constrs_1/imports/Downloads/Urbana.xdc:96]
CRITICAL WARNING: [Common 17-55] 'set_property' expects at least one object. [C:/Users/Orion/Downloads/385-final/385-final.srcs/constrs_1/imports/Downloads/Urbana.xdc:96]
Resolution: If [get_<value>] was used to populate the object, check to make sure this command returns at least one valid object.
WARNING: [Vivado 12-584] No ports matched 'HDMI_CLK_P'. [C:/Users/Orion/Downloads/385-final/385-final.srcs/constrs_1/imports/Downloads/Urbana.xdc:97]
CRITICAL WARNING: [Common 17-55] 'set_property' expects at least one object. [C:/Users/Orion/Downloads/385-final/385-final.srcs/constrs_1/imports/Downloads/Urbana.xdc:97]
Resolution: If [get_<value>] was used to populate the object, check to make sure this command returns at least one valid object.
WARNING: [Vivado 12-584] No ports matched 'HDMI_CLK_N'. [C:/Users/Orion/Downloads/385-final/385-final.srcs/constrs_1/imports/Downloads/Urbana.xdc:98]
CRITICAL WARNING: [Common 17-55] 'set_property' expects at least one object. [C:/Users/Orion/Downloads/385-final/385-final.srcs/constrs_1/imports/Downloads/Urbana.xdc:98]
Resolution: If [get_<value>] was used to populate the object, check to make sure this command returns at least one valid object.
WARNING: [Vivado 12-584] No ports matched 'HDMI_CEC_IN'. [C:/Users/Orion/Downloads/385-final/385-final.srcs/constrs_1/imports/Downloads/Urbana.xdc:99]
CRITICAL WARNING: [Common 17-55] 'set_property' expects at least one object. [C:/Users/Orion/Downloads/385-final/385-final.srcs/constrs_1/imports/Downloads/Urbana.xdc:99]
Resolution: If [get_<value>] was used to populate the object, check to make sure this command returns at least one valid object.
WARNING: [Vivado 12-584] No ports matched 'HDMI_HPD'. [C:/Users/Orion/Downloads/385-final/385-final.srcs/constrs_1/imports/Downloads/Urbana.xdc:100]
CRITICAL WARNING: [Common 17-55] 'set_property' expects at least one object. [C:/Users/Orion/Downloads/385-final/385-final.srcs/constrs_1/imports/Downloads/Urbana.xdc:100]
Resolution: If [get_<value>] was used to populate the object, check to make sure this command returns at least one valid object.
WARNING: [Vivado 12-584] No ports matched 'HDMI_I2C_SCL'. [C:/Users/Orion/Downloads/385-final/385-final.srcs/constrs_1/imports/Downloads/Urbana.xdc:101]
CRITICAL WARNING: [Common 17-55] 'set_property' expects at least one object. [C:/Users/Orion/Downloads/385-final/385-final.srcs/constrs_1/imports/Downloads/Urbana.xdc:101]
Resolution: If [get_<value>] was used to populate the object, check to make sure this command returns at least one valid object.
WARNING: [Vivado 12-584] No ports matched 'HDMI_I2C-SDA'. [C:/Users/Orion/Downloads/385-final/385-final.srcs/constrs_1/imports/Downloads/Urbana.xdc:102]
CRITICAL WARNING: [Common 17-55] 'set_property' expects at least one object. [C:/Users/Orion/Downloads/385-final/385-final.srcs/constrs_1/imports/Downloads/Urbana.xdc:102]
Resolution: If [get_<value>] was used to populate the object, check to make sure this command returns at least one valid object.
WARNING: [Vivado 12-584] No ports matched 'USB_SPI_MISO'. [C:/Users/Orion/Downloads/385-final/385-final.srcs/constrs_1/imports/Downloads/Urbana.xdc:105]
CRITICAL WARNING: [Common 17-55] 'set_property' expects at least one object. [C:/Users/Orion/Downloads/385-final/385-final.srcs/constrs_1/imports/Downloads/Urbana.xdc:105]
Resolution: If [get_<value>] was used to populate the object, check to make sure this command returns at least one valid object.
WARNING: [Vivado 12-584] No ports matched 'USB_SPI_MOSI'. [C:/Users/Orion/Downloads/385-final/385-final.srcs/constrs_1/imports/Downloads/Urbana.xdc:106]
CRITICAL WARNING: [Common 17-55] 'set_property' expects at least one object. [C:/Users/Orion/Downloads/385-final/385-final.srcs/constrs_1/imports/Downloads/Urbana.xdc:106]
Resolution: If [get_<value>] was used to populate the object, check to make sure this command returns at least one valid object.
WARNING: [Vivado 12-584] No ports matched 'USB_SPI_CCLK'. [C:/Users/Orion/Downloads/385-final/385-final.srcs/constrs_1/imports/Downloads/Urbana.xdc:107]
CRITICAL WARNING: [Common 17-55] 'set_property' expects at least one object. [C:/Users/Orion/Downloads/385-final/385-final.srcs/constrs_1/imports/Downloads/Urbana.xdc:107]
Resolution: If [get_<value>] was used to populate the object, check to make sure this command returns at least one valid object.
WARNING: [Vivado 12-584] No ports matched 'USB_SS_B'. [C:/Users/Orion/Downloads/385-final/385-final.srcs/constrs_1/imports/Downloads/Urbana.xdc:108]
CRITICAL WARNING: [Common 17-55] 'set_property' expects at least one object. [C:/Users/Orion/Downloads/385-final/385-final.srcs/constrs_1/imports/Downloads/Urbana.xdc:108]
Resolution: If [get_<value>] was used to populate the object, check to make sure this command returns at least one valid object.
WARNING: [Vivado 12-584] No ports matched 'USB_RESET_B'. [C:/Users/Orion/Downloads/385-final/385-final.srcs/constrs_1/imports/Downloads/Urbana.xdc:109]
CRITICAL WARNING: [Common 17-55] 'set_property' expects at least one object. [C:/Users/Orion/Downloads/385-final/385-final.srcs/constrs_1/imports/Downloads/Urbana.xdc:109]
Resolution: If [get_<value>] was used to populate the object, check to make sure this command returns at least one valid object.
WARNING: [Vivado 12-584] No ports matched 'USB_INT'. [C:/Users/Orion/Downloads/385-final/385-final.srcs/constrs_1/imports/Downloads/Urbana.xdc:110]
CRITICAL WARNING: [Common 17-55] 'set_property' expects at least one object. [C:/Users/Orion/Downloads/385-final/385-final.srcs/constrs_1/imports/Downloads/Urbana.xdc:110]
Resolution: If [get_<value>] was used to populate the object, check to make sure this command returns at least one valid object.
WARNING: [Vivado 12-584] No ports matched 'SD_DQ0'. [C:/Users/Orion/Downloads/385-final/385-final.srcs/constrs_1/imports/Downloads/Urbana.xdc:113]
CRITICAL WARNING: [Common 17-55] 'set_property' expects at least one object. [C:/Users/Orion/Downloads/385-final/385-final.srcs/constrs_1/imports/Downloads/Urbana.xdc:113]
Resolution: If [get_<value>] was used to populate the object, check to make sure this command returns at least one valid object.
WARNING: [Vivado 12-584] No ports matched 'SD_DQ1'. [C:/Users/Orion/Downloads/385-final/385-final.srcs/constrs_1/imports/Downloads/Urbana.xdc:114]
CRITICAL WARNING: [Common 17-55] 'set_property' expects at least one object. [C:/Users/Orion/Downloads/385-final/385-final.srcs/constrs_1/imports/Downloads/Urbana.xdc:114]
Resolution: If [get_<value>] was used to populate the object, check to make sure this command returns at least one valid object.
WARNING: [Vivado 12-584] No ports matched 'SD_DQ2'. [C:/Users/Orion/Downloads/385-final/385-final.srcs/constrs_1/imports/Downloads/Urbana.xdc:115]
CRITICAL WARNING: [Common 17-55] 'set_property' expects at least one object. [C:/Users/Orion/Downloads/385-final/385-final.srcs/constrs_1/imports/Downloads/Urbana.xdc:115]
Resolution: If [get_<value>] was used to populate the object, check to make sure this command returns at least one valid object.
WARNING: [Vivado 12-584] No ports matched 'SD_DQ3'. [C:/Users/Orion/Downloads/385-final/385-final.srcs/constrs_1/imports/Downloads/Urbana.xdc:116]
CRITICAL WARNING: [Common 17-55] 'set_property' expects at least one object. [C:/Users/Orion/Downloads/385-final/385-final.srcs/constrs_1/imports/Downloads/Urbana.xdc:116]
Resolution: If [get_<value>] was used to populate the object, check to make sure this command returns at least one valid object.
WARNING: [Vivado 12-584] No ports matched 'SD_CMD'. [C:/Users/Orion/Downloads/385-final/385-final.srcs/constrs_1/imports/Downloads/Urbana.xdc:117]
CRITICAL WARNING: [Common 17-55] 'set_property' expects at least one object. [C:/Users/Orion/Downloads/385-final/385-final.srcs/constrs_1/imports/Downloads/Urbana.xdc:117]
Resolution: If [get_<value>] was used to populate the object, check to make sure this command returns at least one valid object.
WARNING: [Vivado 12-584] No ports matched 'SD_CLK'. [C:/Users/Orion/Downloads/385-final/385-final.srcs/constrs_1/imports/Downloads/Urbana.xdc:118]
CRITICAL WARNING: [Common 17-55] 'set_property' expects at least one object. [C:/Users/Orion/Downloads/385-final/385-final.srcs/constrs_1/imports/Downloads/Urbana.xdc:118]
Resolution: If [get_<value>] was used to populate the object, check to make sure this command returns at least one valid object.
WARNING: [Vivado 12-584] No ports matched 'SD_CD_N'. [C:/Users/Orion/Downloads/385-final/385-final.srcs/constrs_1/imports/Downloads/Urbana.xdc:119]
CRITICAL WARNING: [Common 17-55] 'set_property' expects at least one object. [C:/Users/Orion/Downloads/385-final/385-final.srcs/constrs_1/imports/Downloads/Urbana.xdc:119]
Resolution: If [get_<value>] was used to populate the object, check to make sure this command returns at least one valid object.
WARNING: [Vivado 12-584] No ports matched 'MIC_CLK'. [C:/Users/Orion/Downloads/385-final/385-final.srcs/constrs_1/imports/Downloads/Urbana.xdc:126]
CRITICAL WARNING: [Common 17-55] 'set_property' expects at least one object. [C:/Users/Orion/Downloads/385-final/385-final.srcs/constrs_1/imports/Downloads/Urbana.xdc:126]
Resolution: If [get_<value>] was used to populate the object, check to make sure this command returns at least one valid object.
WARNING: [Vivado 12-584] No ports matched 'MIC_DATA'. [C:/Users/Orion/Downloads/385-final/385-final.srcs/constrs_1/imports/Downloads/Urbana.xdc:127]
CRITICAL WARNING: [Common 17-55] 'set_property' expects at least one object. [C:/Users/Orion/Downloads/385-final/385-final.srcs/constrs_1/imports/Downloads/Urbana.xdc:127]
Resolution: If [get_<value>] was used to populate the object, check to make sure this command returns at least one valid object.
WARNING: [Vivado 12-584] No ports matched 'AD1_P'. [C:/Users/Orion/Downloads/385-final/385-final.srcs/constrs_1/imports/Downloads/Urbana.xdc:130]
CRITICAL WARNING: [Common 17-55] 'set_property' expects at least one object. [C:/Users/Orion/Downloads/385-final/385-final.srcs/constrs_1/imports/Downloads/Urbana.xdc:130]
Resolution: If [get_<value>] was used to populate the object, check to make sure this command returns at least one valid object.
WARNING: [Vivado 12-584] No ports matched 'AD1_N'. [C:/Users/Orion/Downloads/385-final/385-final.srcs/constrs_1/imports/Downloads/Urbana.xdc:131]
CRITICAL WARNING: [Common 17-55] 'set_property' expects at least one object. [C:/Users/Orion/Downloads/385-final/385-final.srcs/constrs_1/imports/Downloads/Urbana.xdc:131]
Resolution: If [get_<value>] was used to populate the object, check to make sure this command returns at least one valid object.
WARNING: [Vivado 12-584] No ports matched 'AD15_P'. [C:/Users/Orion/Downloads/385-final/385-final.srcs/constrs_1/imports/Downloads/Urbana.xdc:132]
CRITICAL WARNING: [Common 17-55] 'set_property' expects at least one object. [C:/Users/Orion/Downloads/385-final/385-final.srcs/constrs_1/imports/Downloads/Urbana.xdc:132]
Resolution: If [get_<value>] was used to populate the object, check to make sure this command returns at least one valid object.
WARNING: [Vivado 12-584] No ports matched 'AD15_N'. [C:/Users/Orion/Downloads/385-final/385-final.srcs/constrs_1/imports/Downloads/Urbana.xdc:133]
CRITICAL WARNING: [Common 17-55] 'set_property' expects at least one object. [C:/Users/Orion/Downloads/385-final/385-final.srcs/constrs_1/imports/Downloads/Urbana.xdc:133]
Resolution: If [get_<value>] was used to populate the object, check to make sure this command returns at least one valid object.
WARNING: [Vivado 12-584] No ports matched 'SEL_JOYSTICK'. [C:/Users/Orion/Downloads/385-final/385-final.srcs/constrs_1/imports/Downloads/Urbana.xdc:134]
CRITICAL WARNING: [Common 17-55] 'set_property' expects at least one object. [C:/Users/Orion/Downloads/385-final/385-final.srcs/constrs_1/imports/Downloads/Urbana.xdc:134]
Resolution: If [get_<value>] was used to populate the object, check to make sure this command returns at least one valid object.
WARNING: [Vivado 12-584] No ports matched 'BLE_UART_TXD'. [C:/Users/Orion/Downloads/385-final/385-final.srcs/constrs_1/imports/Downloads/Urbana.xdc:137]
CRITICAL WARNING: [Common 17-55] 'set_property' expects at least one object. [C:/Users/Orion/Downloads/385-final/385-final.srcs/constrs_1/imports/Downloads/Urbana.xdc:137]
Resolution: If [get_<value>] was used to populate the object, check to make sure this command returns at least one valid object.
WARNING: [Vivado 12-584] No ports matched 'BLE_UART_RXD'. [C:/Users/Orion/Downloads/385-final/385-final.srcs/constrs_1/imports/Downloads/Urbana.xdc:138]
CRITICAL WARNING: [Common 17-55] 'set_property' expects at least one object. [C:/Users/Orion/Downloads/385-final/385-final.srcs/constrs_1/imports/Downloads/Urbana.xdc:138]
Resolution: If [get_<value>] was used to populate the object, check to make sure this command returns at least one valid object.
WARNING: [Vivado 12-584] No ports matched 'BLE_UART_RTS'. [C:/Users/Orion/Downloads/385-final/385-final.srcs/constrs_1/imports/Downloads/Urbana.xdc:139]
CRITICAL WARNING: [Common 17-55] 'set_property' expects at least one object. [C:/Users/Orion/Downloads/385-final/385-final.srcs/constrs_1/imports/Downloads/Urbana.xdc:139]
Resolution: If [get_<value>] was used to populate the object, check to make sure this command returns at least one valid object.
WARNING: [Vivado 12-584] No ports matched 'BLE_UART_CTS'. [C:/Users/Orion/Downloads/385-final/385-final.srcs/constrs_1/imports/Downloads/Urbana.xdc:140]
CRITICAL WARNING: [Common 17-55] 'set_property' expects at least one object. [C:/Users/Orion/Downloads/385-final/385-final.srcs/constrs_1/imports/Downloads/Urbana.xdc:140]
Resolution: If [get_<value>] was used to populate the object, check to make sure this command returns at least one valid object.
WARNING: [Vivado 12-584] No ports matched 'UART_TXD'. [C:/Users/Orion/Downloads/385-final/385-final.srcs/constrs_1/imports/Downloads/Urbana.xdc:141]
CRITICAL WARNING: [Common 17-55] 'set_property' expects at least one object. [C:/Users/Orion/Downloads/385-final/385-final.srcs/constrs_1/imports/Downloads/Urbana.xdc:141]
Resolution: If [get_<value>] was used to populate the object, check to make sure this command returns at least one valid object.
WARNING: [Vivado 12-584] No ports matched 'UART_RXD'. [C:/Users/Orion/Downloads/385-final/385-final.srcs/constrs_1/imports/Downloads/Urbana.xdc:142]
CRITICAL WARNING: [Common 17-55] 'set_property' expects at least one object. [C:/Users/Orion/Downloads/385-final/385-final.srcs/constrs_1/imports/Downloads/Urbana.xdc:142]
Resolution: If [get_<value>] was used to populate the object, check to make sure this command returns at least one valid object.
WARNING: [Vivado 12-584] No ports matched 'QSPI_DQ0'. [C:/Users/Orion/Downloads/385-final/385-final.srcs/constrs_1/imports/Downloads/Urbana.xdc:145]
CRITICAL WARNING: [Common 17-55] 'set_property' expects at least one object. [C:/Users/Orion/Downloads/385-final/385-final.srcs/constrs_1/imports/Downloads/Urbana.xdc:145]
Resolution: If [get_<value>] was used to populate the object, check to make sure this command returns at least one valid object.
WARNING: [Vivado 12-584] No ports matched 'QSPI_DQ1'. [C:/Users/Orion/Downloads/385-final/385-final.srcs/constrs_1/imports/Downloads/Urbana.xdc:146]
CRITICAL WARNING: [Common 17-55] 'set_property' expects at least one object. [C:/Users/Orion/Downloads/385-final/385-final.srcs/constrs_1/imports/Downloads/Urbana.xdc:146]
Resolution: If [get_<value>] was used to populate the object, check to make sure this command returns at least one valid object.
WARNING: [Vivado 12-584] No ports matched 'QSPI_DQ2'. [C:/Users/Orion/Downloads/385-final/385-final.srcs/constrs_1/imports/Downloads/Urbana.xdc:147]
CRITICAL WARNING: [Common 17-55] 'set_property' expects at least one object. [C:/Users/Orion/Downloads/385-final/385-final.srcs/constrs_1/imports/Downloads/Urbana.xdc:147]
Resolution: If [get_<value>] was used to populate the object, check to make sure this command returns at least one valid object.
WARNING: [Vivado 12-584] No ports matched 'QSPI_DQ3'. [C:/Users/Orion/Downloads/385-final/385-final.srcs/constrs_1/imports/Downloads/Urbana.xdc:148]
CRITICAL WARNING: [Common 17-55] 'set_property' expects at least one object. [C:/Users/Orion/Downloads/385-final/385-final.srcs/constrs_1/imports/Downloads/Urbana.xdc:148]
Resolution: If [get_<value>] was used to populate the object, check to make sure this command returns at least one valid object.
WARNING: [Vivado 12-584] No ports matched 'QSPI_CS_B'. [C:/Users/Orion/Downloads/385-final/385-final.srcs/constrs_1/imports/Downloads/Urbana.xdc:149]
CRITICAL WARNING: [Common 17-55] 'set_property' expects at least one object. [C:/Users/Orion/Downloads/385-final/385-final.srcs/constrs_1/imports/Downloads/Urbana.xdc:149]
Resolution: If [get_<value>] was used to populate the object, check to make sure this command returns at least one valid object.
WARNING: [Vivado 12-584] No ports matched 'QSPI_RESET_B'. [C:/Users/Orion/Downloads/385-final/385-final.srcs/constrs_1/imports/Downloads/Urbana.xdc:150]
CRITICAL WARNING: [Common 17-55] 'set_property' expects at least one object. [C:/Users/Orion/Downloads/385-final/385-final.srcs/constrs_1/imports/Downloads/Urbana.xdc:150]
Resolution: If [get_<value>] was used to populate the object, check to make sure this command returns at least one valid object.
WARNING: [Vivado 12-584] No ports matched 'SERVO0'. [C:/Users/Orion/Downloads/385-final/385-final.srcs/constrs_1/imports/Downloads/Urbana.xdc:153]
CRITICAL WARNING: [Common 17-55] 'set_property' expects at least one object. [C:/Users/Orion/Downloads/385-final/385-final.srcs/constrs_1/imports/Downloads/Urbana.xdc:153]
Resolution: If [get_<value>] was used to populate the object, check to make sure this command returns at least one valid object.
WARNING: [Vivado 12-584] No ports matched 'SERVO1'. [C:/Users/Orion/Downloads/385-final/385-final.srcs/constrs_1/imports/Downloads/Urbana.xdc:154]
CRITICAL WARNING: [Common 17-55] 'set_property' expects at least one object. [C:/Users/Orion/Downloads/385-final/385-final.srcs/constrs_1/imports/Downloads/Urbana.xdc:154]
Resolution: If [get_<value>] was used to populate the object, check to make sure this command returns at least one valid object.
WARNING: [Vivado 12-584] No ports matched 'SERVO2'. [C:/Users/Orion/Downloads/385-final/385-final.srcs/constrs_1/imports/Downloads/Urbana.xdc:155]
CRITICAL WARNING: [Common 17-55] 'set_property' expects at least one object. [C:/Users/Orion/Downloads/385-final/385-final.srcs/constrs_1/imports/Downloads/Urbana.xdc:155]
Resolution: If [get_<value>] was used to populate the object, check to make sure this command returns at least one valid object.
WARNING: [Vivado 12-584] No ports matched 'SERVO3'. [C:/Users/Orion/Downloads/385-final/385-final.srcs/constrs_1/imports/Downloads/Urbana.xdc:156]
CRITICAL WARNING: [Common 17-55] 'set_property' expects at least one object. [C:/Users/Orion/Downloads/385-final/385-final.srcs/constrs_1/imports/Downloads/Urbana.xdc:156]
Resolution: If [get_<value>] was used to populate the object, check to make sure this command returns at least one valid object.
WARNING: [Vivado 12-584] No ports matched 'JA1_P'. [C:/Users/Orion/Downloads/385-final/385-final.srcs/constrs_1/imports/Downloads/Urbana.xdc:159]
CRITICAL WARNING: [Common 17-55] 'set_property' expects at least one object. [C:/Users/Orion/Downloads/385-final/385-final.srcs/constrs_1/imports/Downloads/Urbana.xdc:159]
Resolution: If [get_<value>] was used to populate the object, check to make sure this command returns at least one valid object.
WARNING: [Vivado 12-584] No ports matched 'JA1_N'. [C:/Users/Orion/Downloads/385-final/385-final.srcs/constrs_1/imports/Downloads/Urbana.xdc:160]
CRITICAL WARNING: [Common 17-55] 'set_property' expects at least one object. [C:/Users/Orion/Downloads/385-final/385-final.srcs/constrs_1/imports/Downloads/Urbana.xdc:160]
Resolution: If [get_<value>] was used to populate the object, check to make sure this command returns at least one valid object.
WARNING: [Vivado 12-584] No ports matched 'JA2_P'. [C:/Users/Orion/Downloads/385-final/385-final.srcs/constrs_1/imports/Downloads/Urbana.xdc:161]
CRITICAL WARNING: [Common 17-55] 'set_property' expects at least one object. [C:/Users/Orion/Downloads/385-final/385-final.srcs/constrs_1/imports/Downloads/Urbana.xdc:161]
Resolution: If [get_<value>] was used to populate the object, check to make sure this command returns at least one valid object.
WARNING: [Vivado 12-584] No ports matched 'JA2_N'. [C:/Users/Orion/Downloads/385-final/385-final.srcs/constrs_1/imports/Downloads/Urbana.xdc:162]
CRITICAL WARNING: [Common 17-55] 'set_property' expects at least one object. [C:/Users/Orion/Downloads/385-final/385-final.srcs/constrs_1/imports/Downloads/Urbana.xdc:162]
Resolution: If [get_<value>] was used to populate the object, check to make sure this command returns at least one valid object.
WARNING: [Vivado 12-584] No ports matched 'JA3_P'. [C:/Users/Orion/Downloads/385-final/385-final.srcs/constrs_1/imports/Downloads/Urbana.xdc:163]
CRITICAL WARNING: [Common 17-55] 'set_property' expects at least one object. [C:/Users/Orion/Downloads/385-final/385-final.srcs/constrs_1/imports/Downloads/Urbana.xdc:163]
Resolution: If [get_<value>] was used to populate the object, check to make sure this command returns at least one valid object.
WARNING: [Vivado 12-584] No ports matched 'JA3_N'. [C:/Users/Orion/Downloads/385-final/385-final.srcs/constrs_1/imports/Downloads/Urbana.xdc:164]
CRITICAL WARNING: [Common 17-55] 'set_property' expects at least one object. [C:/Users/Orion/Downloads/385-final/385-final.srcs/constrs_1/imports/Downloads/Urbana.xdc:164]
Resolution: If [get_<value>] was used to populate the object, check to make sure this command returns at least one valid object.
WARNING: [Vivado 12-584] No ports matched 'JA4_P'. [C:/Users/Orion/Downloads/385-final/385-final.srcs/constrs_1/imports/Downloads/Urbana.xdc:165]
CRITICAL WARNING: [Common 17-55] 'set_property' expects at least one object. [C:/Users/Orion/Downloads/385-final/385-final.srcs/constrs_1/imports/Downloads/Urbana.xdc:165]
Resolution: If [get_<value>] was used to populate the object, check to make sure this command returns at least one valid object.
WARNING: [Vivado 12-584] No ports matched 'JA4_N'. [C:/Users/Orion/Downloads/385-final/385-final.srcs/constrs_1/imports/Downloads/Urbana.xdc:166]
CRITICAL WARNING: [Common 17-55] 'set_property' expects at least one object. [C:/Users/Orion/Downloads/385-final/385-final.srcs/constrs_1/imports/Downloads/Urbana.xdc:166]
Resolution: If [get_<value>] was used to populate the object, check to make sure this command returns at least one valid object.
WARNING: [Vivado 12-584] No ports matched 'JB1_P'. [C:/Users/Orion/Downloads/385-final/385-final.srcs/constrs_1/imports/Downloads/Urbana.xdc:169]
CRITICAL WARNING: [Common 17-55] 'set_property' expects at least one object. [C:/Users/Orion/Downloads/385-final/385-final.srcs/constrs_1/imports/Downloads/Urbana.xdc:169]
Resolution: If [get_<value>] was used to populate the object, check to make sure this command returns at least one valid object.
WARNING: [Vivado 12-584] No ports matched 'JB1_N'. [C:/Users/Orion/Downloads/385-final/385-final.srcs/constrs_1/imports/Downloads/Urbana.xdc:170]
CRITICAL WARNING: [Common 17-55] 'set_property' expects at least one object. [C:/Users/Orion/Downloads/385-final/385-final.srcs/constrs_1/imports/Downloads/Urbana.xdc:170]
Resolution: If [get_<value>] was used to populate the object, check to make sure this command returns at least one valid object.
WARNING: [Vivado 12-584] No ports matched 'JB2_P'. [C:/Users/Orion/Downloads/385-final/385-final.srcs/constrs_1/imports/Downloads/Urbana.xdc:171]
CRITICAL WARNING: [Common 17-55] 'set_property' expects at least one object. [C:/Users/Orion/Downloads/385-final/385-final.srcs/constrs_1/imports/Downloads/Urbana.xdc:171]
Resolution: If [get_<value>] was used to populate the object, check to make sure this command returns at least one valid object.
WARNING: [Vivado 12-584] No ports matched 'JB2_N'. [C:/Users/Orion/Downloads/385-final/385-final.srcs/constrs_1/imports/Downloads/Urbana.xdc:172]
CRITICAL WARNING: [Common 17-55] 'set_property' expects at least one object. [C:/Users/Orion/Downloads/385-final/385-final.srcs/constrs_1/imports/Downloads/Urbana.xdc:172]
Resolution: If [get_<value>] was used to populate the object, check to make sure this command returns at least one valid object.
WARNING: [Vivado 12-584] No ports matched 'JB3_P'. [C:/Users/Orion/Downloads/385-final/385-final.srcs/constrs_1/imports/Downloads/Urbana.xdc:173]
CRITICAL WARNING: [Common 17-55] 'set_property' expects at least one object. [C:/Users/Orion/Downloads/385-final/385-final.srcs/constrs_1/imports/Downloads/Urbana.xdc:173]
Resolution: If [get_<value>] was used to populate the object, check to make sure this command returns at least one valid object.
WARNING: [Vivado 12-584] No ports matched 'JB3_N'. [C:/Users/Orion/Downloads/385-final/385-final.srcs/constrs_1/imports/Downloads/Urbana.xdc:174]
CRITICAL WARNING: [Common 17-55] 'set_property' expects at least one object. [C:/Users/Orion/Downloads/385-final/385-final.srcs/constrs_1/imports/Downloads/Urbana.xdc:174]
Resolution: If [get_<value>] was used to populate the object, check to make sure this command returns at least one valid object.
WARNING: [Vivado 12-584] No ports matched 'JB4_P'. [C:/Users/Orion/Downloads/385-final/385-final.srcs/constrs_1/imports/Downloads/Urbana.xdc:175]
CRITICAL WARNING: [Common 17-55] 'set_property' expects at least one object. [C:/Users/Orion/Downloads/385-final/385-final.srcs/constrs_1/imports/Downloads/Urbana.xdc:175]
Resolution: If [get_<value>] was used to populate the object, check to make sure this command returns at least one valid object.
WARNING: [Vivado 12-584] No ports matched 'JB4_N'. [C:/Users/Orion/Downloads/385-final/385-final.srcs/constrs_1/imports/Downloads/Urbana.xdc:176]
CRITICAL WARNING: [Common 17-55] 'set_property' expects at least one object. [C:/Users/Orion/Downloads/385-final/385-final.srcs/constrs_1/imports/Downloads/Urbana.xdc:176]
Resolution: If [get_<value>] was used to populate the object, check to make sure this command returns at least one valid object.
WARNING: [Vivado 12-584] No ports matched 'JAB_0'. [C:/Users/Orion/Downloads/385-final/385-final.srcs/constrs_1/imports/Downloads/Urbana.xdc:179]
CRITICAL WARNING: [Common 17-55] 'set_property' expects at least one object. [C:/Users/Orion/Downloads/385-final/385-final.srcs/constrs_1/imports/Downloads/Urbana.xdc:179]
Resolution: If [get_<value>] was used to populate the object, check to make sure this command returns at least one valid object.
WARNING: [Vivado 12-584] No ports matched 'JAB_1'. [C:/Users/Orion/Downloads/385-final/385-final.srcs/constrs_1/imports/Downloads/Urbana.xdc:180]
CRITICAL WARNING: [Common 17-55] 'set_property' expects at least one object. [C:/Users/Orion/Downloads/385-final/385-final.srcs/constrs_1/imports/Downloads/Urbana.xdc:180]
Resolution: If [get_<value>] was used to populate the object, check to make sure this command returns at least one valid object.
WARNING: [Vivado 12-584] No ports matched 'JAB_2'. [C:/Users/Orion/Downloads/385-final/385-final.srcs/constrs_1/imports/Downloads/Urbana.xdc:181]
INFO: [Common 17-14] Message 'Vivado 12-584' appears 100 times and further instances of the messages will be disabled. Use the Tcl command set_msg_config to change the current settings. [C:/Users/Orion/Downloads/385-final/385-final.srcs/constrs_1/imports/Downloads/Urbana.xdc:181]
CRITICAL WARNING: [Common 17-55] 'set_property' expects at least one object. [C:/Users/Orion/Downloads/385-final/385-final.srcs/constrs_1/imports/Downloads/Urbana.xdc:181]
Resolution: If [get_<value>] was used to populate the object, check to make sure this command returns at least one valid object.
CRITICAL WARNING: [Common 17-55] 'set_property' expects at least one object. [C:/Users/Orion/Downloads/385-final/385-final.srcs/constrs_1/imports/Downloads/Urbana.xdc:182]
Resolution: If [get_<value>] was used to populate the object, check to make sure this command returns at least one valid object.
CRITICAL WARNING: [Common 17-55] 'set_property' expects at least one object. [C:/Users/Orion/Downloads/385-final/385-final.srcs/constrs_1/imports/Downloads/Urbana.xdc:183]
Resolution: If [get_<value>] was used to populate the object, check to make sure this command returns at least one valid object.
CRITICAL WARNING: [Common 17-55] 'set_property' expects at least one object. [C:/Users/Orion/Downloads/385-final/385-final.srcs/constrs_1/imports/Downloads/Urbana.xdc:184]
Resolution: If [get_<value>] was used to populate the object, check to make sure this command returns at least one valid object.
CRITICAL WARNING: [Common 17-55] 'set_property' expects at least one object. [C:/Users/Orion/Downloads/385-final/385-final.srcs/constrs_1/imports/Downloads/Urbana.xdc:187]
Resolution: If [get_<value>] was used to populate the object, check to make sure this command returns at least one valid object.
CRITICAL WARNING: [Common 17-55] 'set_property' expects at least one object. [C:/Users/Orion/Downloads/385-final/385-final.srcs/constrs_1/imports/Downloads/Urbana.xdc:188]
Resolution: If [get_<value>] was used to populate the object, check to make sure this command returns at least one valid object.
CRITICAL WARNING: [Common 17-55] 'set_property' expects at least one object. [C:/Users/Orion/Downloads/385-final/385-final.srcs/constrs_1/imports/Downloads/Urbana.xdc:192]
Resolution: If [get_<value>] was used to populate the object, check to make sure this command returns at least one valid object.
CRITICAL WARNING: [Common 17-55] 'set_property' expects at least one object. [C:/Users/Orion/Downloads/385-final/385-final.srcs/constrs_1/imports/Downloads/Urbana.xdc:193]
Resolution: If [get_<value>] was used to populate the object, check to make sure this command returns at least one valid object.
CRITICAL WARNING: [Common 17-55] 'set_property' expects at least one object. [C:/Users/Orion/Downloads/385-final/385-final.srcs/constrs_1/imports/Downloads/Urbana.xdc:194]
Resolution: If [get_<value>] was used to populate the object, check to make sure this command returns at least one valid object.
INFO: [Common 17-14] Message 'Common 17-55' appears 100 times and further instances of the messages will be disabled. Use the Tcl command set_msg_config to change the current settings. [C:/Users/Orion/Downloads/385-final/385-final.srcs/constrs_1/imports/Downloads/Urbana.xdc:194]
CRITICAL WARNING: [Common 17-163] Missing value for option 'objects', please type 'set_property -help' for usage info. [C:/Users/Orion/Downloads/385-final/385-final.srcs/constrs_1/imports/Downloads/Urbana.xdc:464]
Finished Parsing XDC File [C:/Users/Orion/Downloads/385-final/385-final.srcs/constrs_1/imports/Downloads/Urbana.xdc]
INFO: [Opt 31-138] Pushed 0 inverter(s) to 0 load pin(s).
Netlist sorting complete. Time (s): cpu = 00:00:00 ; elapsed = 00:00:00 . Memory (MB): peak = 908.434 ; gain = 0.000
INFO: [Project 1-111] Unisim Transformation Summary:
No Unisim elements were transformed.

9 Infos, 100 Warnings, 109 Critical Warnings and 0 Errors encountered.
link_design completed successfully
link_design: Time (s): cpu = 00:00:05 ; elapsed = 00:00:07 . Memory (MB): peak = 912.488 ; gain = 525.820
Command: opt_design
Attempting to get a license for feature 'Implementation' and/or device 'xc7s50'
INFO: [Common 17-349] Got license for feature 'Implementation' and/or device 'xc7s50'
Running DRC as a precondition to command opt_design

Starting DRC Task
INFO: [DRC 23-27] Running DRC with 2 threads
INFO: [Project 1-461] DRC finished with 0 Errors
INFO: [Project 1-462] Please refer to the DRC report (report_drc) for more information.

Time (s): cpu = 00:00:01 ; elapsed = 00:00:01 . Memory (MB): peak = 931.586 ; gain = 19.098

Starting Cache Timing Information Task
INFO: [Timing 38-35] Done setting XDC timing constraints.
Ending Cache Timing Information Task | Checksum: 1125d5a5a

Time (s): cpu = 00:00:07 ; elapsed = 00:00:08 . Memory (MB): peak = 1359.086 ; gain = 427.500

Starting Logic Optimization Task

Phase 1 Retarget
INFO: [Opt 31-138] Pushed 0 inverter(s) to 0 load pin(s).
INFO: [Opt 31-49] Retargeted 0 cell(s).
Phase 1 Retarget | Checksum: 1125d5a5a

Time (s): cpu = 00:00:00 ; elapsed = 00:00:00.019 . Memory (MB): peak = 1685.980 ; gain = 0.000
INFO: [Opt 31-389] Phase Retarget created 0 cells and removed 0 cells

Phase 2 Constant propagation
INFO: [Opt 31-138] Pushed 0 inverter(s) to 0 load pin(s).
Phase 2 Constant propagation | Checksum: a885ccc7

Time (s): cpu = 00:00:00 ; elapsed = 00:00:00.023 . Memory (MB): peak = 1685.980 ; gain = 0.000
INFO: [Opt 31-389] Phase Constant propagation created 0 cells and removed 0 cells

Phase 3 Sweep
Phase 3 Sweep | Checksum: f0d7484c

Time (s): cpu = 00:00:00 ; elapsed = 00:00:00.029 . Memory (MB): peak = 1685.980 ; gain = 0.000
INFO: [Opt 31-389] Phase Sweep created 0 cells and removed 0 cells

Phase 4 BUFG optimization
Phase 4 BUFG optimization | Checksum: f0d7484c

Time (s): cpu = 00:00:00 ; elapsed = 00:00:00.076 . Memory (MB): peak = 1685.980 ; gain = 0.000
INFO: [Opt 31-662] Phase BUFG optimization created 0 cells of which 0 are BUFGs and removed 0 cells.

Phase 5 Shift Register Optimization
INFO: [Opt 31-1064] SRL Remap converted 0 SRLs to 0 registers and converted 0 registers of register chains to 0 SRLs
Phase 5 Shift Register Optimization | Checksum: f0d7484c

Time (s): cpu = 00:00:00 ; elapsed = 00:00:00.078 . Memory (MB): peak = 1685.980 ; gain = 0.000
INFO: [Opt 31-389] Phase Shift Register Optimization created 0 cells and removed 0 cells

Phase 6 Post Processing Netlist
Phase 6 Post Processing Netlist | Checksum: f0d7484c

Time (s): cpu = 00:00:00 ; elapsed = 00:00:00.079 . Memory (MB): peak = 1685.980 ; gain = 0.000
INFO: [Opt 31-389] Phase Post Processing Netlist created 0 cells and removed 0 cells
Opt_design Change Summary
=========================


-------------------------------------------------------------------------------------------------------------------------
|  Phase                        |  #Cells created  |  #Cells Removed  |  #Constrained objects preventing optimizations  |
-------------------------------------------------------------------------------------------------------------------------
|  Retarget                     |               0  |               0  |                                              0  |
|  Constant propagation         |               0  |               0  |                                              0  |
|  Sweep                        |               0  |               0  |                                              0  |
|  BUFG optimization            |               0  |               0  |                                              0  |
|  Shift Register Optimization  |               0  |               0  |                                              0  |
|  Post Processing Netlist      |               0  |               0  |                                              0  |
-------------------------------------------------------------------------------------------------------------------------



Starting Connectivity Check Task

Time (s): cpu = 00:00:00 ; elapsed = 00:00:00.001 . Memory (MB): peak = 1685.980 ; gain = 0.000
Ending Logic Optimization Task | Checksum: 13fdc211a

Time (s): cpu = 00:00:00 ; elapsed = 00:00:00.094 . Memory (MB): peak = 1685.980 ; gain = 0.000

Starting Power Optimization Task
INFO: [Pwropt 34-132] Skipping clock gating for clocks with a period < 2.00 ns.
INFO: [Timing 38-35] Done setting XDC timing constraints.
INFO: [Pwropt 34-9] Applying IDT optimizations ...
INFO: [Pwropt 34-10] Applying ODC optimizations ...
Running Vector-less Activity Propagation...

Finished Running Vector-less Activity Propagation


Starting PowerOpt Patch Enables Task
INFO: [Pwropt 34-162] WRITE_MODE attribute of 0 BRAM(s) out of a total of 2 has been updated to save power. Run report_power_opt to get a complete listing of the BRAMs updated.
INFO: [Pwropt 34-201] Structural ODC has moved 0 WE to EN ports
Number of BRAM Ports augmented: 0 newly gated: 0 Total Ports: 4
Ending PowerOpt Patch Enables Task | Checksum: 13fdc211a

Time (s): cpu = 00:00:00 ; elapsed = 00:00:00.009 . Memory (MB): peak = 1760.121 ; gain = 0.000
Ending Power Optimization Task | Checksum: 13fdc211a

Time (s): cpu = 00:00:00 ; elapsed = 00:00:00.605 . Memory (MB): peak = 1760.121 ; gain = 74.141

Starting Final Cleanup Task
Ending Final Cleanup Task | Checksum: 13fdc211a

Time (s): cpu = 00:00:00 ; elapsed = 00:00:00 . Memory (MB): peak = 1760.121 ; gain = 0.000

Starting Netlist Obfuscation Task
Netlist sorting complete. Time (s): cpu = 00:00:00 ; elapsed = 00:00:00 . Memory (MB): peak = 1760.121 ; gain = 0.000
Ending Netlist Obfuscation Task | Checksum: 13fdc211a

Time (s): cpu = 00:00:00 ; elapsed = 00:00:00.001 . Memory (MB): peak = 1760.121 ; gain = 0.000
INFO: [Common 17-83] Releasing license: Implementation
31 Infos, 100 Warnings, 109 Critical Warnings and 0 Errors encountered.
opt_design completed successfully
opt_design: Time (s): cpu = 00:00:11 ; elapsed = 00:00:13 . Memory (MB): peak = 1760.121 ; gain = 847.633
INFO: [Timing 38-480] Writing timing data to binary archive.
Writing XDEF routing.
Writing XDEF routing logical nets.
Writing XDEF routing special nets.
Write XDEF Complete: Time (s): cpu = 00:00:00 ; elapsed = 00:00:00.054 . Memory (MB): peak = 1760.121 ; gain = 0.000
INFO: [Common 17-1381] The checkpoint 'C:/Users/Orion/Downloads/385-final/385-final.runs/impl_1/audio_top_opt.dcp' has been generated.
INFO: [runtcl-4] Executing : report_drc -file audio_top_drc_opted.rpt -pb audio_top_drc_opted.pb -rpx audio_top_drc_opted.rpx
Command: report_drc -file audio_top_drc_opted.rpt -pb audio_top_drc_opted.pb -rpx audio_top_drc_opted.rpx
INFO: [IP_Flow 19-234] Refreshing IP repositories
INFO: [IP_Flow 19-1704] No user IP repositories specified
INFO: [IP_Flow 19-2313] Loaded Vivado IP repository 'C:/Xilinx/Vivado/2022.2/data/ip'.
INFO: [DRC 23-27] Running DRC with 2 threads
INFO: [Vivado_Tcl 2-168] The results of DRC are in file C:/Users/Orion/Downloads/385-final/385-final.runs/impl_1/audio_top_drc_opted.rpt.
report_drc completed successfully
Command: place_design
Attempting to get a license for feature 'Implementation' and/or device 'xc7s50'
INFO: [Common 17-349] Got license for feature 'Implementation' and/or device 'xc7s50'
INFO: [DRC 23-27] Running DRC with 2 threads
INFO: [Vivado_Tcl 4-198] DRC finished with 0 Errors
INFO: [Vivado_Tcl 4-199] Please refer to the DRC report (report_drc) for more information.
Running DRC as a precondition to command place_design
INFO: [DRC 23-27] Running DRC with 2 threads
INFO: [Vivado_Tcl 4-198] DRC finished with 0 Errors
INFO: [Vivado_Tcl 4-199] Please refer to the DRC report (report_drc) for more information.

Starting Placer Task
INFO: [Place 30-611] Multithreading enabled for place_design using a maximum of 2 CPUs

Phase 1 Placer Initialization

Phase 1.1 Placer Initialization Netlist Sorting
Netlist sorting complete. Time (s): cpu = 00:00:00 ; elapsed = 00:00:00 . Memory (MB): peak = 1760.121 ; gain = 0.000
Phase 1.1 Placer Initialization Netlist Sorting | Checksum: 77957525

Time (s): cpu = 00:00:00 ; elapsed = 00:00:00.006 . Memory (MB): peak = 1760.121 ; gain = 0.000
Netlist sorting complete. Time (s): cpu = 00:00:00 ; elapsed = 00:00:00 . Memory (MB): peak = 1760.121 ; gain = 0.000

Phase 1.2 IO Placement/ Clock Placement/ Build Placer Device
INFO: [Timing 38-35] Done setting XDC timing constraints.
Phase 1.2 IO Placement/ Clock Placement/ Build Placer Device | Checksum: 3fd012dc

Time (s): cpu = 00:00:01 ; elapsed = 00:00:00.277 . Memory (MB): peak = 1760.121 ; gain = 0.000

Phase 1.3 Build Placer Netlist Model
Phase 1.3 Build Placer Netlist Model | Checksum: 88c80fb5

Time (s): cpu = 00:00:01 ; elapsed = 00:00:00.407 . Memory (MB): peak = 1760.121 ; gain = 0.000

Phase 1.4 Constrain Clocks/Macros
Phase 1.4 Constrain Clocks/Macros | Checksum: 88c80fb5

Time (s): cpu = 00:00:01 ; elapsed = 00:00:00.410 . Memory (MB): peak = 1760.121 ; gain = 0.000
Phase 1 Placer Initialization | Checksum: 88c80fb5

Time (s): cpu = 00:00:01 ; elapsed = 00:00:00.413 . Memory (MB): peak = 1760.121 ; gain = 0.000

Phase 2 Global Placement

Phase 2.1 Floorplanning
Phase 2.1 Floorplanning | Checksum: 68c43d73

Time (s): cpu = 00:00:01 ; elapsed = 00:00:00.549 . Memory (MB): peak = 1760.121 ; gain = 0.000

Phase 2.2 Update Timing before SLR Path Opt
Phase 2.2 Update Timing before SLR Path Opt | Checksum: bab86fd9

Time (s): cpu = 00:00:01 ; elapsed = 00:00:00.626 . Memory (MB): peak = 1760.121 ; gain = 0.000

Phase 2.3 Post-Processing in Floorplanning
Phase 2.3 Post-Processing in Floorplanning | Checksum: bab86fd9

Time (s): cpu = 00:00:01 ; elapsed = 00:00:00.627 . Memory (MB): peak = 1760.121 ; gain = 0.000

Phase 2.4 Global Placement Core

Phase 2.4.1 UpdateTiming Before Physical Synthesis
Phase 2.4.1 UpdateTiming Before Physical Synthesis | Checksum: 19cb7d6a4

Time (s): cpu = 00:00:02 ; elapsed = 00:00:02 . Memory (MB): peak = 1760.121 ; gain = 0.000

Phase 2.4.2 Physical Synthesis In Placer
INFO: [Physopt 32-1035] Found 0 LUTNM shape to break, 14 LUT instances to create LUTNM shape
INFO: [Physopt 32-1044] Break lutnm for timing: one critical 0, two critical 0, total 0, new lutff created 0
INFO: [Physopt 32-1138] End 1 Pass. Optimized 7 nets or LUTs. Breaked 0 LUT, combined 7 existing LUTs and moved 0 existing LUT
INFO: [Physopt 32-65] No nets found for high-fanout optimization.
INFO: [Physopt 32-232] Optimized 0 net. Created 0 new instance.
INFO: [Physopt 32-775] End 1 Pass. Optimized 0 net or cell. Created 0 new cell, deleted 0 existing cell and moved 0 existing cell
INFO: [Physopt 32-670] No setup violation found.  DSP Register Optimization was not performed.
INFO: [Physopt 32-670] No setup violation found.  Shift Register to Pipeline Optimization was not performed.
INFO: [Physopt 32-670] No setup violation found.  Shift Register Optimization was not performed.
INFO: [Physopt 32-670] No setup violation found.  BRAM Register Optimization was not performed.
INFO: [Physopt 32-670] No setup violation found.  URAM Register Optimization was not performed.
INFO: [Physopt 32-949] No candidate nets found for dynamic/static region interface net replication
INFO: [Physopt 32-775] End 1 Pass. Optimized 0 net or cell. Created 0 new cell, deleted 0 existing cell and moved 0 existing cell
Netlist sorting complete. Time (s): cpu = 00:00:00 ; elapsed = 00:00:00 . Memory (MB): peak = 1760.121 ; gain = 0.000

Summary of Physical Synthesis Optimizations
============================================


-----------------------------------------------------------------------------------------------------------------------------------------------------------
|  Optimization                                     |  Added Cells  |  Removed Cells  |  Optimized Cells/Nets  |  Dont Touch  |  Iterations  |  Elapsed   |
-----------------------------------------------------------------------------------------------------------------------------------------------------------
|  LUT Combining                                    |            0  |              7  |                     7  |           0  |           1  |  00:00:00  |
|  Retime                                           |            0  |              0  |                     0  |           0  |           1  |  00:00:00  |
|  Very High Fanout                                 |            0  |              0  |                     0  |           0  |           1  |  00:00:00  |
|  DSP Register                                     |            0  |              0  |                     0  |           0  |           0  |  00:00:00  |
|  Shift Register to Pipeline                       |            0  |              0  |                     0  |           0  |           0  |  00:00:00  |
|  Shift Register                                   |            0  |              0  |                     0  |           0  |           0  |  00:00:00  |
|  BRAM Register                                    |            0  |              0  |                     0  |           0  |           0  |  00:00:00  |
|  URAM Register                                    |            0  |              0  |                     0  |           0  |           0  |  00:00:00  |
|  Dynamic/Static Region Interface Net Replication  |            0  |              0  |                     0  |           0  |           1  |  00:00:00  |
|  Total                                            |            0  |              7  |                     7  |           0  |           4  |  00:00:00  |
-----------------------------------------------------------------------------------------------------------------------------------------------------------


Phase 2.4.2 Physical Synthesis In Placer | Checksum: 24dbda331

Time (s): cpu = 00:00:02 ; elapsed = 00:00:02 . Memory (MB): peak = 1760.121 ; gain = 0.000
Phase 2.4 Global Placement Core | Checksum: 27da1e2a3

Time (s): cpu = 00:00:02 ; elapsed = 00:00:02 . Memory (MB): peak = 1760.121 ; gain = 0.000
Phase 2 Global Placement | Checksum: 27da1e2a3

Time (s): cpu = 00:00:02 ; elapsed = 00:00:02 . Memory (MB): peak = 1760.121 ; gain = 0.000

Phase 3 Detail Placement

Phase 3.1 Commit Multi Column Macros
Phase 3.1 Commit Multi Column Macros | Checksum: 233d4bb10

Time (s): cpu = 00:00:02 ; elapsed = 00:00:02 . Memory (MB): peak = 1760.121 ; gain = 0.000

Phase 3.2 Commit Most Macros & LUTRAMs
Phase 3.2 Commit Most Macros & LUTRAMs | Checksum: 23cb213dc

Time (s): cpu = 00:00:02 ; elapsed = 00:00:02 . Memory (MB): peak = 1760.121 ; gain = 0.000

Phase 3.3 Area Swap Optimization
Phase 3.3 Area Swap Optimization | Checksum: 25af5265a

Time (s): cpu = 00:00:02 ; elapsed = 00:00:02 . Memory (MB): peak = 1760.121 ; gain = 0.000

Phase 3.4 Pipeline Register Optimization
Phase 3.4 Pipeline Register Optimization | Checksum: 25af5265a

Time (s): cpu = 00:00:02 ; elapsed = 00:00:02 . Memory (MB): peak = 1760.121 ; gain = 0.000

Phase 3.5 Small Shape Detail Placement
Phase 3.5 Small Shape Detail Placement | Checksum: 20be17498

Time (s): cpu = 00:00:02 ; elapsed = 00:00:02 . Memory (MB): peak = 1760.121 ; gain = 0.000

Phase 3.6 Re-assign LUT pins
Phase 3.6 Re-assign LUT pins | Checksum: 275c1c255

Time (s): cpu = 00:00:02 ; elapsed = 00:00:02 . Memory (MB): peak = 1760.121 ; gain = 0.000

Phase 3.7 Pipeline Register Optimization
Phase 3.7 Pipeline Register Optimization | Checksum: 275c1c255

Time (s): cpu = 00:00:02 ; elapsed = 00:00:02 . Memory (MB): peak = 1760.121 ; gain = 0.000
Phase 3 Detail Placement | Checksum: 275c1c255

Time (s): cpu = 00:00:02 ; elapsed = 00:00:02 . Memory (MB): peak = 1760.121 ; gain = 0.000

Phase 4 Post Placement Optimization and Clean-Up

Phase 4.1 Post Commit Optimization
INFO: [Timing 38-35] Done setting XDC timing constraints.

Phase 4.1.1 Post Placement Optimization
Post Placement Optimization Initialization | Checksum: 22aff0864

Phase 4.1.1.1 BUFG Insertion

Starting Physical Synthesis Task

Phase 1 Physical Synthesis Initialization
INFO: [Physopt 32-721] Multithreading enabled for phys_opt_design using a maximum of 2 CPUs
INFO: [Physopt 32-619] Estimated Timing Summary | WNS=4.911 | TNS=0.000 |
Phase 1 Physical Synthesis Initialization | Checksum: 20cd5d802

Time (s): cpu = 00:00:00 ; elapsed = 00:00:00.016 . Memory (MB): peak = 1760.121 ; gain = 0.000
INFO: [Place 46-56] BUFG insertion identified 0 candidate nets. Inserted BUFG: 0, Replicated BUFG Driver: 0, Skipped due to Placement/Routing Conflicts: 0, Skipped due to Timing Degradation: 0, Skipped due to Illegal Netlist: 0.
Ending Physical Synthesis Task | Checksum: 24644fa11

Time (s): cpu = 00:00:00 ; elapsed = 00:00:00.018 . Memory (MB): peak = 1760.121 ; gain = 0.000
Phase 4.1.1.1 BUFG Insertion | Checksum: 22aff0864

Time (s): cpu = 00:00:02 ; elapsed = 00:00:02 . Memory (MB): peak = 1760.121 ; gain = 0.000

Phase 4.1.1.2 Post Placement Timing Optimization
INFO: [Place 30-746] Post Placement Timing Summary WNS=4.911. For the most accurate timing information please run report_timing.
Phase 4.1.1.2 Post Placement Timing Optimization | Checksum: 270191003

Time (s): cpu = 00:00:02 ; elapsed = 00:00:02 . Memory (MB): peak = 1760.121 ; gain = 0.000

Time (s): cpu = 00:00:02 ; elapsed = 00:00:02 . Memory (MB): peak = 1760.121 ; gain = 0.000
Phase 4.1 Post Commit Optimization | Checksum: 270191003

Time (s): cpu = 00:00:02 ; elapsed = 00:00:02 . Memory (MB): peak = 1760.121 ; gain = 0.000

Phase 4.2 Post Placement Cleanup
Phase 4.2 Post Placement Cleanup | Checksum: 270191003

Time (s): cpu = 00:00:02 ; elapsed = 00:00:02 . Memory (MB): peak = 1760.121 ; gain = 0.000

Phase 4.3 Placer Reporting

Phase 4.3.1 Print Estimated Congestion
INFO: [Place 30-612] Post-Placement Estimated Congestion 
 ____________________________________________________
|           | Global Congestion | Short Congestion  |
| Direction | Region Size       | Region Size       |
|___________|___________________|___________________|
|      North|                1x1|                1x1|
|___________|___________________|___________________|
|      South|                1x1|                1x1|
|___________|___________________|___________________|
|       East|                1x1|                1x1|
|___________|___________________|___________________|
|       West|                1x1|                1x1|
|___________|___________________|___________________|

Phase 4.3.1 Print Estimated Congestion | Checksum: 270191003

Time (s): cpu = 00:00:02 ; elapsed = 00:00:02 . Memory (MB): peak = 1760.121 ; gain = 0.000
Phase 4.3 Placer Reporting | Checksum: 270191003

Time (s): cpu = 00:00:02 ; elapsed = 00:00:02 . Memory (MB): peak = 1760.121 ; gain = 0.000

Phase 4.4 Final Placement Cleanup
Netlist sorting complete. Time (s): cpu = 00:00:00 ; elapsed = 00:00:00 . Memory (MB): peak = 1760.121 ; gain = 0.000

Time (s): cpu = 00:00:02 ; elapsed = 00:00:02 . Memory (MB): peak = 1760.121 ; gain = 0.000
Phase 4 Post Placement Optimization and Clean-Up | Checksum: 22d9dbac0

Time (s): cpu = 00:00:02 ; elapsed = 00:00:02 . Memory (MB): peak = 1760.121 ; gain = 0.000
Ending Placer Task | Checksum: 13b82f8d9

Time (s): cpu = 00:00:02 ; elapsed = 00:00:02 . Memory (MB): peak = 1760.121 ; gain = 0.000
INFO: [Common 17-83] Releasing license: Implementation
68 Infos, 100 Warnings, 109 Critical Warnings and 0 Errors encountered.
place_design completed successfully
INFO: [Timing 38-480] Writing timing data to binary archive.
Writing XDEF routing.
Writing XDEF routing logical nets.
Writing XDEF routing special nets.
Write XDEF Complete: Time (s): cpu = 00:00:00 ; elapsed = 00:00:00.072 . Memory (MB): peak = 1760.121 ; gain = 0.000
INFO: [Common 17-1381] The checkpoint 'C:/Users/Orion/Downloads/385-final/385-final.runs/impl_1/audio_top_placed.dcp' has been generated.
INFO: [runtcl-4] Executing : report_io -file audio_top_io_placed.rpt
report_io: Time (s): cpu = 00:00:00 ; elapsed = 00:00:00.061 . Memory (MB): peak = 1760.121 ; gain = 0.000
INFO: [runtcl-4] Executing : report_utilization -file audio_top_utilization_placed.rpt -pb audio_top_utilization_placed.pb
INFO: [runtcl-4] Executing : report_control_sets -verbose -file audio_top_control_sets_placed.rpt
report_control_sets: Time (s): cpu = 00:00:00 ; elapsed = 00:00:00.005 . Memory (MB): peak = 1760.121 ; gain = 0.000
Command: phys_opt_design
Attempting to get a license for feature 'Implementation' and/or device 'xc7s50'
INFO: [Common 17-349] Got license for feature 'Implementation' and/or device 'xc7s50'

Starting Initial Update Timing Task

Time (s): cpu = 00:00:00 ; elapsed = 00:00:00.040 . Memory (MB): peak = 1760.121 ; gain = 0.000
INFO: [Vivado_Tcl 4-383] Design worst setup slack (WNS) is greater than or equal to 0.000 ns. Skipping all physical synthesis optimizations.
INFO: [Vivado_Tcl 4-232] No setup violation found. The netlist was not modified.
INFO: [Common 17-83] Releasing license: Implementation
77 Infos, 100 Warnings, 109 Critical Warnings and 0 Errors encountered.
phys_opt_design completed successfully
INFO: [Timing 38-480] Writing timing data to binary archive.
Writing XDEF routing.
Writing XDEF routing logical nets.
Writing XDEF routing special nets.
Write XDEF Complete: Time (s): cpu = 00:00:01 ; elapsed = 00:00:00.061 . Memory (MB): peak = 1760.121 ; gain = 0.000
INFO: [Common 17-1381] The checkpoint 'C:/Users/Orion/Downloads/385-final/385-final.runs/impl_1/audio_top_physopt.dcp' has been generated.
Command: route_design
Attempting to get a license for feature 'Implementation' and/or device 'xc7s50'
INFO: [Common 17-349] Got license for feature 'Implementation' and/or device 'xc7s50'
Running DRC as a precondition to command route_design
INFO: [DRC 23-27] Running DRC with 2 threads
INFO: [Vivado_Tcl 4-198] DRC finished with 0 Errors
INFO: [Vivado_Tcl 4-199] Please refer to the DRC report (report_drc) for more information.


Starting Routing Task
INFO: [Route 35-254] Multithreading enabled for route_design using a maximum of 2 CPUs

Phase 1 Build RT Design
Checksum: PlaceDB: e66fdc57 ConstDB: 0 ShapeSum: 55131c82 RouteDB: 0
Post Restoration Checksum: NetGraph: 8d1af39e NumContArr: a8274a19 Constraints: 0 Timing: 0
Phase 1 Build RT Design | Checksum: 135423db7

Time (s): cpu = 00:00:23 ; elapsed = 00:00:21 . Memory (MB): peak = 1795.316 ; gain = 35.195

Phase 2 Router Initialization

Phase 2.1 Fix Topology Constraints
Phase 2.1 Fix Topology Constraints | Checksum: 135423db7

Time (s): cpu = 00:00:23 ; elapsed = 00:00:21 . Memory (MB): peak = 1801.383 ; gain = 41.262

Phase 2.2 Pre Route Cleanup
Phase 2.2 Pre Route Cleanup | Checksum: 135423db7

Time (s): cpu = 00:00:23 ; elapsed = 00:00:21 . Memory (MB): peak = 1801.383 ; gain = 41.262
 Number of Nodes with overlaps = 0

Phase 2.3 Update Timing
Phase 2.3 Update Timing | Checksum: 1db60ebac

Time (s): cpu = 00:00:23 ; elapsed = 00:00:22 . Memory (MB): peak = 1807.117 ; gain = 46.996
INFO: [Route 35-416] Intermediate Timing Summary | WNS=4.838  | TNS=0.000  | WHS=-0.065 | THS=-0.324 |


Router Utilization Summary
  Global Vertical Routing Utilization    = 0 %
  Global Horizontal Routing Utilization  = 0 %
  Routable Net Status*
  *Does not include unroutable nets such as driverless and loadless.
  Run report_route_status for detailed report.
  Number of Failed Nets               = 148
    (Failed Nets is the sum of unrouted and partially routed nets)
  Number of Unrouted Nets             = 148
  Number of Partially Routed Nets     = 0
  Number of Node Overlaps             = 0

Phase 2 Router Initialization | Checksum: 190dd7b4a

Time (s): cpu = 00:00:24 ; elapsed = 00:00:22 . Memory (MB): peak = 1809.039 ; gain = 48.918

Phase 3 Initial Routing

Phase 3.1 Global Routing
Phase 3.1 Global Routing | Checksum: 190dd7b4a

Time (s): cpu = 00:00:24 ; elapsed = 00:00:22 . Memory (MB): peak = 1809.039 ; gain = 48.918
Phase 3 Initial Routing | Checksum: 108c433b5

Time (s): cpu = 00:00:24 ; elapsed = 00:00:22 . Memory (MB): peak = 1809.039 ; gain = 48.918

Phase 4 Rip-up And Reroute

Phase 4.1 Global Iteration 0
 Number of Nodes with overlaps = 2
 Number of Nodes with overlaps = 0
INFO: [Route 35-416] Intermediate Timing Summary | WNS=3.945  | TNS=0.000  | WHS=N/A    | THS=N/A    |

Phase 4.1 Global Iteration 0 | Checksum: 18dc4b005

Time (s): cpu = 00:00:24 ; elapsed = 00:00:22 . Memory (MB): peak = 1809.039 ; gain = 48.918
Phase 4 Rip-up And Reroute | Checksum: 18dc4b005

Time (s): cpu = 00:00:24 ; elapsed = 00:00:22 . Memory (MB): peak = 1809.039 ; gain = 48.918

Phase 5 Delay and Skew Optimization

Phase 5.1 Delay CleanUp

Phase 5.1.1 Update Timing
Phase 5.1.1 Update Timing | Checksum: 1dc5797a8

Time (s): cpu = 00:00:24 ; elapsed = 00:00:22 . Memory (MB): peak = 1809.039 ; gain = 48.918
INFO: [Route 35-416] Intermediate Timing Summary | WNS=4.038  | TNS=0.000  | WHS=N/A    | THS=N/A    |

Phase 5.1 Delay CleanUp | Checksum: 1dc5797a8

Time (s): cpu = 00:00:24 ; elapsed = 00:00:22 . Memory (MB): peak = 1809.039 ; gain = 48.918

Phase 5.2 Clock Skew Optimization
Phase 5.2 Clock Skew Optimization | Checksum: 1dc5797a8

Time (s): cpu = 00:00:24 ; elapsed = 00:00:22 . Memory (MB): peak = 1809.039 ; gain = 48.918
Phase 5 Delay and Skew Optimization | Checksum: 1dc5797a8

Time (s): cpu = 00:00:24 ; elapsed = 00:00:22 . Memory (MB): peak = 1809.039 ; gain = 48.918

Phase 6 Post Hold Fix

Phase 6.1 Hold Fix Iter

Phase 6.1.1 Update Timing
Phase 6.1.1 Update Timing | Checksum: 1fab6f387

Time (s): cpu = 00:00:24 ; elapsed = 00:00:22 . Memory (MB): peak = 1809.039 ; gain = 48.918
INFO: [Route 35-416] Intermediate Timing Summary | WNS=4.038  | TNS=0.000  | WHS=0.240  | THS=0.000  |

Phase 6.1 Hold Fix Iter | Checksum: 2149cccaf

Time (s): cpu = 00:00:24 ; elapsed = 00:00:22 . Memory (MB): peak = 1809.039 ; gain = 48.918
Phase 6 Post Hold Fix | Checksum: 2149cccaf

Time (s): cpu = 00:00:24 ; elapsed = 00:00:22 . Memory (MB): peak = 1809.039 ; gain = 48.918

Phase 7 Route finalize

Router Utilization Summary
  Global Vertical Routing Utilization    = 0.0332456 %
  Global Horizontal Routing Utilization  = 0.0991671 %
  Routable Net Status*
  *Does not include unroutable nets such as driverless and loadless.
  Run report_route_status for detailed report.
  Number of Failed Nets               = 0
    (Failed Nets is the sum of unrouted and partially routed nets)
  Number of Unrouted Nets             = 0
  Number of Partially Routed Nets     = 0
  Number of Node Overlaps             = 0

Phase 7 Route finalize | Checksum: 225b82b3c

Time (s): cpu = 00:00:24 ; elapsed = 00:00:22 . Memory (MB): peak = 1809.039 ; gain = 48.918

Phase 8 Verifying routed nets

 Verification completed successfully
Phase 8 Verifying routed nets | Checksum: 225b82b3c

Time (s): cpu = 00:00:24 ; elapsed = 00:00:22 . Memory (MB): peak = 1809.672 ; gain = 49.551

Phase 9 Depositing Routes
Phase 9 Depositing Routes | Checksum: 1edd25fe0

Time (s): cpu = 00:00:24 ; elapsed = 00:00:22 . Memory (MB): peak = 1809.672 ; gain = 49.551

Phase 10 Post Router Timing
INFO: [Route 35-57] Estimated Timing Summary | WNS=4.038  | TNS=0.000  | WHS=0.240  | THS=0.000  |

INFO: [Route 35-327] The final timing numbers are based on the router estimated timing analysis. For a complete and accurate timing signoff, please run report_timing_summary.
Phase 10 Post Router Timing | Checksum: 1edd25fe0

Time (s): cpu = 00:00:24 ; elapsed = 00:00:22 . Memory (MB): peak = 1809.672 ; gain = 49.551
INFO: [Route 35-16] Router Completed Successfully

Time (s): cpu = 00:00:24 ; elapsed = 00:00:22 . Memory (MB): peak = 1809.672 ; gain = 49.551

Routing Is Done.
INFO: [Common 17-83] Releasing license: Implementation
92 Infos, 100 Warnings, 109 Critical Warnings and 0 Errors encountered.
route_design completed successfully
route_design: Time (s): cpu = 00:00:25 ; elapsed = 00:00:23 . Memory (MB): peak = 1809.672 ; gain = 49.551
INFO: [Timing 38-480] Writing timing data to binary archive.
Writing XDEF routing.
Writing XDEF routing logical nets.
Writing XDEF routing special nets.
Write XDEF Complete: Time (s): cpu = 00:00:00 ; elapsed = 00:00:00.074 . Memory (MB): peak = 1823.527 ; gain = 13.855
INFO: [Common 17-1381] The checkpoint 'C:/Users/Orion/Downloads/385-final/385-final.runs/impl_1/audio_top_routed.dcp' has been generated.
INFO: [runtcl-4] Executing : report_drc -file audio_top_drc_routed.rpt -pb audio_top_drc_routed.pb -rpx audio_top_drc_routed.rpx
Command: report_drc -file audio_top_drc_routed.rpt -pb audio_top_drc_routed.pb -rpx audio_top_drc_routed.rpx
INFO: [IP_Flow 19-1839] IP Catalog is up to date.
INFO: [DRC 23-27] Running DRC with 2 threads
INFO: [Vivado_Tcl 2-168] The results of DRC are in file C:/Users/Orion/Downloads/385-final/385-final.runs/impl_1/audio_top_drc_routed.rpt.
report_drc completed successfully
INFO: [runtcl-4] Executing : report_methodology -file audio_top_methodology_drc_routed.rpt -pb audio_top_methodology_drc_routed.pb -rpx audio_top_methodology_drc_routed.rpx
Command: report_methodology -file audio_top_methodology_drc_routed.rpt -pb audio_top_methodology_drc_routed.pb -rpx audio_top_methodology_drc_routed.rpx
INFO: [Timing 38-35] Done setting XDC timing constraints.
INFO: [DRC 23-133] Running Methodology with 2 threads
INFO: [Vivado_Tcl 2-1520] The results of Report Methodology are in file C:/Users/Orion/Downloads/385-final/385-final.runs/impl_1/audio_top_methodology_drc_routed.rpt.
report_methodology completed successfully
INFO: [runtcl-4] Executing : report_power -file audio_top_power_routed.rpt -pb audio_top_power_summary_routed.pb -rpx audio_top_power_routed.rpx
Command: report_power -file audio_top_power_routed.rpt -pb audio_top_power_summary_routed.pb -rpx audio_top_power_routed.rpx
INFO: [Timing 38-35] Done setting XDC timing constraints.
Running Vector-less Activity Propagation...

Finished Running Vector-less Activity Propagation
104 Infos, 100 Warnings, 109 Critical Warnings and 0 Errors encountered.
report_power completed successfully
INFO: [runtcl-4] Executing : report_route_status -file audio_top_route_status.rpt -pb audio_top_route_status.pb
INFO: [runtcl-4] Executing : report_timing_summary -max_paths 10 -report_unconstrained -file audio_top_timing_summary_routed.rpt -pb audio_top_timing_summary_routed.pb -rpx audio_top_timing_summary_routed.rpx -warn_on_violation 
INFO: [Timing 38-91] UpdateTimingParams: Speed grade: -1, Delay Type: min_max.
INFO: [Timing 38-191] Multithreading enabled for timing update using a maximum of 2 CPUs
INFO: [runtcl-4] Executing : report_incremental_reuse -file audio_top_incremental_reuse_routed.rpt
INFO: [Vivado_Tcl 4-1062] Incremental flow is disabled. No incremental reuse Info to report.
INFO: [runtcl-4] Executing : report_clock_utilization -file audio_top_clock_utilization_routed.rpt
INFO: [runtcl-4] Executing : report_bus_skew -warn_on_violation -file audio_top_bus_skew_routed.rpt -pb audio_top_bus_skew_routed.pb -rpx audio_top_bus_skew_routed.rpx
INFO: [Timing 38-91] UpdateTimingParams: Speed grade: -1, Delay Type: min_max.
INFO: [Timing 38-191] Multithreading enabled for timing update using a maximum of 2 CPUs
Command: write_bitstream -force audio_top.bit
Attempting to get a license for feature 'Implementation' and/or device 'xc7s50'
INFO: [Common 17-349] Got license for feature 'Implementation' and/or device 'xc7s50'
Running DRC as a precondition to command write_bitstream
INFO: [IP_Flow 19-1839] IP Catalog is up to date.
INFO: [DRC 23-27] Running DRC with 2 threads
INFO: [Vivado 12-3199] DRC finished with 0 Errors
INFO: [Vivado 12-3200] Please refer to the DRC report (report_drc) for more information.
INFO: [Designutils 20-2272] Running write_bitstream with 2 threads.
Loading data files...
Loading site data...
Loading route data...
Processing options...
Creating bitmap...
Creating bitstream...
Bitstream compression saved 14992544 bits.
Writing bitstream ./audio_top.bit...
INFO: [Vivado 12-1842] Bitgen Completed Successfully.
INFO: [Common 17-83] Releasing license: Implementation
11 Infos, 0 Warnings, 0 Critical Warnings and 0 Errors encountered.
write_bitstream completed successfully
write_bitstream: Time (s): cpu = 00:00:12 ; elapsed = 00:00:11 . Memory (MB): peak = 2269.297 ; gain = 425.656
INFO: [Common 17-206] Exiting Vivado at Sat Dec  7 20:27:01 2024...
