Vivado Simulator v2022.2
Copyright 1986-1999, 2001-2022 Xilinx, Inc. All Rights Reserved.
Running: C:/Xilinx/Vivado/2022.2/bin/unwrapped/win64.o/xelab.exe --incr --debug typical --relax --mt 2 -L xil_defaultlib -L uvm -L unisims_ver -L unimacro_ver -L secureip -L xpm --snapshot soundtest_behav xil_defaultlib.soundtest xil_defaultlib.glbl -log elaborate.log 
Using 2 slave threads.
Starting static elaboration
Pass Through NonSizing Optimizer
WARNING: [VRFC 10-5021] port 'sw' is not connected on this instance [C:/Users/Orion/Documents/GitHub/ECE385_final/lab6/lab6.srcs/sim_1/new/soundtest.sv:45]
Completed static elaboration
Starting simulation data flow analysis
WARNING: [XSIM 43-4099] "C:/Users/Orion/Documents/GitHub/ECE385_final/lab6/lab6.srcs/sources_1/imports/sources_1/imports/Downloads/audio_top.sv" Line 3. Module audio_top doesn't have a timescale but at least one module in design has a timescale.
WARNING: [XSIM 43-4099] "C:/Users/Orion/Documents/GitHub/ECE385_final/lab6/lab6.srcs/sources_1/imports/sources_1/new/tonegen.sv" Line 1. Module tonegen_default doesn't have a timescale but at least one module in design has a timescale.
WARNING: [XSIM 43-4099] "C:/Users/Orion/Documents/GitHub/ECE385_final/lab6/lab6.srcs/sources_1/new/negedge_detect.sv" Line 1. Module negedge_detector doesn't have a timescale but at least one module in design has a timescale.
WARNING: [XSIM 43-4099] "C:/Users/Orion/Documents/GitHub/ECE385_final/lab6/lab6.srcs/sources_1/new/negedge_detect.sv" Line 1. Module negedge_detector doesn't have a timescale but at least one module in design has a timescale.
WARNING: [XSIM 43-4099] "C:/Users/Orion/Documents/GitHub/ECE385_final/lab6/lab6.srcs/sources_1/new/negedge_detect.sv" Line 1. Module negedge_detector doesn't have a timescale but at least one module in design has a timescale.
WARNING: [XSIM 43-4099] "C:/Users/Orion/Documents/GitHub/ECE385_final/lab6/lab6.srcs/sources_1/new/negedge_detect.sv" Line 1. Module negedge_detector doesn't have a timescale but at least one module in design has a timescale.
WARNING: [XSIM 43-4099] "C:/Users/Orion/Documents/GitHub/ECE385_final/lab6/lab6.srcs/sources_1/new/negedge_detect.sv" Line 1. Module negedge_detector doesn't have a timescale but at least one module in design has a timescale.
WARNING: [XSIM 43-4099] "C:/Users/Orion/Documents/GitHub/ECE385_final/lab6/lab6.srcs/sources_1/new/negedge_detect.sv" Line 1. Module negedge_detector doesn't have a timescale but at least one module in design has a timescale.
WARNING: [XSIM 43-4099] "C:/Users/Orion/Documents/GitHub/ECE385_final/lab6/lab6.srcs/sources_1/new/negedge_detect.sv" Line 1. Module negedge_detector doesn't have a timescale but at least one module in design has a timescale.
WARNING: [XSIM 43-4099] "C:/Users/Orion/Documents/GitHub/ECE385_final/lab6/lab6.srcs/sources_1/new/negedge_detect.sv" Line 1. Module negedge_detector doesn't have a timescale but at least one module in design has a timescale.
WARNING: [XSIM 43-4099] "C:/Users/Orion/Documents/GitHub/ECE385_final/lab6/lab6.srcs/sources_1/new/negedge_detect.sv" Line 1. Module negedge_detector doesn't have a timescale but at least one module in design has a timescale.
WARNING: [XSIM 43-4099] "C:/Users/Orion/Documents/GitHub/ECE385_final/lab6/lab6.srcs/sources_1/new/negedge_detect.sv" Line 1. Module negedge_detector doesn't have a timescale but at least one module in design has a timescale.
WARNING: [XSIM 43-4099] "C:/Users/Orion/Documents/GitHub/ECE385_final/lab6/lab6.srcs/sources_1/new/negedge_detect.sv" Line 1. Module negedge_detector doesn't have a timescale but at least one module in design has a timescale.
WARNING: [XSIM 43-4099] "C:/Users/Orion/Documents/GitHub/ECE385_final/lab6/lab6.srcs/sources_1/new/negedge_detect.sv" Line 1. Module negedge_detector doesn't have a timescale but at least one module in design has a timescale.
WARNING: [XSIM 43-4099] "C:/Users/Orion/Documents/GitHub/ECE385_final/lab6/lab6.srcs/sources_1/new/negedge_detect.sv" Line 1. Module negedge_detector doesn't have a timescale but at least one module in design has a timescale.
WARNING: [XSIM 43-4099] "C:/Users/Orion/Documents/GitHub/ECE385_final/lab6/lab6.srcs/sources_1/new/negedge_detect.sv" Line 1. Module negedge_detector doesn't have a timescale but at least one module in design has a timescale.
WARNING: [XSIM 43-4099] "C:/Users/Orion/Documents/GitHub/ECE385_final/lab6/lab6.srcs/sources_1/new/negedge_detect.sv" Line 1. Module negedge_detector doesn't have a timescale but at least one module in design has a timescale.
WARNING: [XSIM 43-4099] "C:/Users/Orion/Documents/GitHub/ECE385_final/lab6/lab6.srcs/sources_1/new/negedge_detect.sv" Line 1. Module negedge_detector doesn't have a timescale but at least one module in design has a timescale.
WARNING: [XSIM 43-4099] "C:/Users/Orion/Documents/GitHub/ECE385_final/lab6/lab6.srcs/sources_1/imports/sources_1/new/wavegen.sv" Line 1. Module wave_gen doesn't have a timescale but at least one module in design has a timescale.
WARNING: [XSIM 43-4099] "C:/Users/Orion/Documents/GitHub/ECE385_final/lab6/lab6.srcs/sources_1/imports/sources_1/new/piano.sv" Line 2. Module piano_lut doesn't have a timescale but at least one module in design has a timescale.
WARNING: [XSIM 43-4099] "C:/Users/Orion/Documents/GitHub/ECE385_final/lab6/lab6.srcs/sources_1/imports/sources_1/new/wavegen.sv" Line 1. Module wave_gen doesn't have a timescale but at least one module in design has a timescale.
WARNING: [XSIM 43-4099] "C:/Users/Orion/Documents/GitHub/ECE385_final/lab6/lab6.srcs/sources_1/imports/sources_1/new/piano.sv" Line 2. Module piano_lut doesn't have a timescale but at least one module in design has a timescale.
WARNING: [XSIM 43-4099] "C:/Users/Orion/Documents/GitHub/ECE385_final/lab6/lab6.srcs/sources_1/imports/sources_1/new/wavegen.sv" Line 1. Module wave_gen doesn't have a timescale but at least one module in design has a timescale.
WARNING: [XSIM 43-4099] "C:/Users/Orion/Documents/GitHub/ECE385_final/lab6/lab6.srcs/sources_1/imports/sources_1/new/piano.sv" Line 2. Module piano_lut doesn't have a timescale but at least one module in design has a timescale.
WARNING: [XSIM 43-4099] "C:/Users/Orion/Documents/GitHub/ECE385_final/lab6/lab6.srcs/sources_1/imports/sources_1/new/wavegen.sv" Line 1. Module wave_gen doesn't have a timescale but at least one module in design has a timescale.
WARNING: [XSIM 43-4099] "C:/Users/Orion/Documents/GitHub/ECE385_final/lab6/lab6.srcs/sources_1/imports/sources_1/new/piano.sv" Line 2. Module piano_lut doesn't have a timescale but at least one module in design has a timescale.
WARNING: [XSIM 43-4099] "C:/Users/Orion/Documents/GitHub/ECE385_final/lab6/lab6.srcs/sources_1/imports/sources_1/new/wavegen.sv" Line 1. Module wave_gen doesn't have a timescale but at least one module in design has a timescale.
WARNING: [XSIM 43-4099] "C:/Users/Orion/Documents/GitHub/ECE385_final/lab6/lab6.srcs/sources_1/imports/sources_1/new/piano.sv" Line 2. Module piano_lut doesn't have a timescale but at least one module in design has a timescale.
WARNING: [XSIM 43-4099] "C:/Users/Orion/Documents/GitHub/ECE385_final/lab6/lab6.srcs/sources_1/imports/sources_1/new/wavegen.sv" Line 1. Module wave_gen doesn't have a timescale but at least one module in design has a timescale.
WARNING: [XSIM 43-4099] "C:/Users/Orion/Documents/GitHub/ECE385_final/lab6/lab6.srcs/sources_1/imports/sources_1/new/piano.sv" Line 2. Module piano_lut doesn't have a timescale but at least one module in design has a timescale.
WARNING: [XSIM 43-4099] "C:/Users/Orion/Documents/GitHub/ECE385_final/lab6/lab6.srcs/sources_1/imports/sources_1/new/wavegen.sv" Line 1. Module wave_gen doesn't have a timescale but at least one module in design has a timescale.
WARNING: [XSIM 43-4099] "C:/Users/Orion/Documents/GitHub/ECE385_final/lab6/lab6.srcs/sources_1/imports/sources_1/new/piano.sv" Line 2. Module piano_lut doesn't have a timescale but at least one module in design has a timescale.
WARNING: [XSIM 43-4099] "C:/Users/Orion/Documents/GitHub/ECE385_final/lab6/lab6.srcs/sources_1/imports/sources_1/new/wavegen.sv" Line 1. Module wave_gen doesn't have a timescale but at least one module in design has a timescale.
WARNING: [XSIM 43-4099] "C:/Users/Orion/Documents/GitHub/ECE385_final/lab6/lab6.srcs/sources_1/imports/sources_1/new/piano.sv" Line 2. Module piano_lut doesn't have a timescale but at least one module in design has a timescale.
WARNING: [XSIM 43-4099] "C:/Users/Orion/Documents/GitHub/ECE385_final/lab6/lab6.srcs/sources_1/imports/sources_1/new/wavegen.sv" Line 1. Module wave_gen doesn't have a timescale but at least one module in design has a timescale.
WARNING: [XSIM 43-4099] "C:/Users/Orion/Documents/GitHub/ECE385_final/lab6/lab6.srcs/sources_1/imports/sources_1/new/piano.sv" Line 2. Module piano_lut doesn't have a timescale but at least one module in design has a timescale.
WARNING: [XSIM 43-4099] "C:/Users/Orion/Documents/GitHub/ECE385_final/lab6/lab6.srcs/sources_1/imports/sources_1/new/wavegen.sv" Line 1. Module wave_gen doesn't have a timescale but at least one module in design has a timescale.
WARNING: [XSIM 43-4099] "C:/Users/Orion/Documents/GitHub/ECE385_final/lab6/lab6.srcs/sources_1/imports/sources_1/new/piano.sv" Line 2. Module piano_lut doesn't have a timescale but at least one module in design has a timescale.
WARNING: [XSIM 43-4099] "C:/Users/Orion/Documents/GitHub/ECE385_final/lab6/lab6.srcs/sources_1/imports/sources_1/new/wavegen.sv" Line 1. Module wave_gen doesn't have a timescale but at least one module in design has a timescale.
WARNING: [XSIM 43-4099] "C:/Users/Orion/Documents/GitHub/ECE385_final/lab6/lab6.srcs/sources_1/imports/sources_1/new/piano.sv" Line 2. Module piano_lut doesn't have a timescale but at least one module in design has a timescale.
WARNING: [XSIM 43-4099] "C:/Users/Orion/Documents/GitHub/ECE385_final/lab6/lab6.srcs/sources_1/imports/sources_1/new/wavegen.sv" Line 1. Module wave_gen doesn't have a timescale but at least one module in design has a timescale.
WARNING: [XSIM 43-4099] "C:/Users/Orion/Documents/GitHub/ECE385_final/lab6/lab6.srcs/sources_1/imports/sources_1/new/piano.sv" Line 2. Module piano_lut doesn't have a timescale but at least one module in design has a timescale.
WARNING: [XSIM 43-4099] "C:/Users/Orion/Documents/GitHub/ECE385_final/lab6/lab6.srcs/sources_1/imports/sources_1/new/volume.sv" Line 2. Module volume doesn't have a timescale but at least one module in design has a timescale.
WARNING: [XSIM 43-4099] "C:/Users/Orion/Documents/GitHub/ECE385_final/lab6/lab6.srcs/sources_1/imports/sources_1/new/pwm.sv" Line 4. Module pwm doesn't have a timescale but at least one module in design has a timescale.
WARNING: [XSIM 43-4099] "C:/Users/Orion/Documents/GitHub/ECE385_final/lab6/lab6.srcs/sources_1/imports/sources_1/imports/Downloads/audio_top.sv" Line 3. Module audio_top doesn't have a timescale but at least one module in design has a timescale.
WARNING: [XSIM 43-4099] "C:/Users/Orion/Documents/GitHub/ECE385_final/lab6/lab6.srcs/sources_1/imports/sources_1/new/tonegen.sv" Line 1. Module tonegen_default doesn't have a timescale but at least one module in design has a timescale.
WARNING: [XSIM 43-4099] "C:/Users/Orion/Documents/GitHub/ECE385_final/lab6/lab6.srcs/sources_1/new/negedge_detect.sv" Line 1. Module negedge_detector doesn't have a timescale but at least one module in design has a timescale.
WARNING: [XSIM 43-4099] "C:/Users/Orion/Documents/GitHub/ECE385_final/lab6/lab6.srcs/sources_1/new/negedge_detect.sv" Line 1. Module negedge_detector doesn't have a timescale but at least one module in design has a timescale.
WARNING: [XSIM 43-4099] "C:/Users/Orion/Documents/GitHub/ECE385_final/lab6/lab6.srcs/sources_1/new/negedge_detect.sv" Line 1. Module negedge_detector doesn't have a timescale but at least one module in design has a timescale.
WARNING: [XSIM 43-4099] "C:/Users/Orion/Documents/GitHub/ECE385_final/lab6/lab6.srcs/sources_1/new/negedge_detect.sv" Line 1. Module negedge_detector doesn't have a timescale but at least one module in design has a timescale.
WARNING: [XSIM 43-4099] "C:/Users/Orion/Documents/GitHub/ECE385_final/lab6/lab6.srcs/sources_1/new/negedge_detect.sv" Line 1. Module negedge_detector doesn't have a timescale but at least one module in design has a timescale.
WARNING: [XSIM 43-4099] "C:/Users/Orion/Documents/GitHub/ECE385_final/lab6/lab6.srcs/sources_1/new/negedge_detect.sv" Line 1. Module negedge_detector doesn't have a timescale but at least one module in design has a timescale.
WARNING: [XSIM 43-4099] "C:/Users/Orion/Documents/GitHub/ECE385_final/lab6/lab6.srcs/sources_1/new/negedge_detect.sv" Line 1. Module negedge_detector doesn't have a timescale but at least one module in design has a timescale.
WARNING: [XSIM 43-4099] "C:/Users/Orion/Documents/GitHub/ECE385_final/lab6/lab6.srcs/sources_1/new/negedge_detect.sv" Line 1. Module negedge_detector doesn't have a timescale but at least one module in design has a timescale.
WARNING: [XSIM 43-4099] "C:/Users/Orion/Documents/GitHub/ECE385_final/lab6/lab6.srcs/sources_1/new/negedge_detect.sv" Line 1. Module negedge_detector doesn't have a timescale but at least one module in design has a timescale.
WARNING: [XSIM 43-4099] "C:/Users/Orion/Documents/GitHub/ECE385_final/lab6/lab6.srcs/sources_1/new/negedge_detect.sv" Line 1. Module negedge_detector doesn't have a timescale but at least one module in design has a timescale.
WARNING: [XSIM 43-4099] "C:/Users/Orion/Documents/GitHub/ECE385_final/lab6/lab6.srcs/sources_1/new/negedge_detect.sv" Line 1. Module negedge_detector doesn't have a timescale but at least one module in design has a timescale.
WARNING: [XSIM 43-4099] "C:/Users/Orion/Documents/GitHub/ECE385_final/lab6/lab6.srcs/sources_1/new/negedge_detect.sv" Line 1. Module negedge_detector doesn't have a timescale but at least one module in design has a timescale.
WARNING: [XSIM 43-4099] "C:/Users/Orion/Documents/GitHub/ECE385_final/lab6/lab6.srcs/sources_1/new/negedge_detect.sv" Line 1. Module negedge_detector doesn't have a timescale but at least one module in design has a timescale.
WARNING: [XSIM 43-4099] "C:/Users/Orion/Documents/GitHub/ECE385_final/lab6/lab6.srcs/sources_1/new/negedge_detect.sv" Line 1. Module negedge_detector doesn't have a timescale but at least one module in design has a timescale.
WARNING: [XSIM 43-4099] "C:/Users/Orion/Documents/GitHub/ECE385_final/lab6/lab6.srcs/sources_1/new/negedge_detect.sv" Line 1. Module negedge_detector doesn't have a timescale but at least one module in design has a timescale.
WARNING: [XSIM 43-4099] "C:/Users/Orion/Documents/GitHub/ECE385_final/lab6/lab6.srcs/sources_1/new/negedge_detect.sv" Line 1. Module negedge_detector doesn't have a timescale but at least one module in design has a timescale.
WARNING: [XSIM 43-4099] "C:/Users/Orion/Documents/GitHub/ECE385_final/lab6/lab6.srcs/sources_1/imports/sources_1/new/wavegen.sv" Line 1. Module wave_gen doesn't have a timescale but at least one module in design has a timescale.
WARNING: [XSIM 43-4099] "C:/Users/Orion/Documents/GitHub/ECE385_final/lab6/lab6.srcs/sources_1/imports/sources_1/new/piano.sv" Line 2. Module piano_lut doesn't have a timescale but at least one module in design has a timescale.
WARNING: [XSIM 43-4099] "C:/Users/Orion/Documents/GitHub/ECE385_final/lab6/lab6.srcs/sources_1/imports/sources_1/new/wavegen.sv" Line 1. Module wave_gen doesn't have a timescale but at least one module in design has a timescale.
WARNING: [XSIM 43-4099] "C:/Users/Orion/Documents/GitHub/ECE385_final/lab6/lab6.srcs/sources_1/imports/sources_1/new/piano.sv" Line 2. Module piano_lut doesn't have a timescale but at least one module in design has a timescale.
WARNING: [XSIM 43-4099] "C:/Users/Orion/Documents/GitHub/ECE385_final/lab6/lab6.srcs/sources_1/imports/sources_1/new/wavegen.sv" Line 1. Module wave_gen doesn't have a timescale but at least one module in design has a timescale.
WARNING: [XSIM 43-4099] "C:/Users/Orion/Documents/GitHub/ECE385_final/lab6/lab6.srcs/sources_1/imports/sources_1/new/piano.sv" Line 2. Module piano_lut doesn't have a timescale but at least one module in design has a timescale.
WARNING: [XSIM 43-4099] "C:/Users/Orion/Documents/GitHub/ECE385_final/lab6/lab6.srcs/sources_1/imports/sources_1/new/wavegen.sv" Line 1. Module wave_gen doesn't have a timescale but at least one module in design has a timescale.
WARNING: [XSIM 43-4099] "C:/Users/Orion/Documents/GitHub/ECE385_final/lab6/lab6.srcs/sources_1/imports/sources_1/new/piano.sv" Line 2. Module piano_lut doesn't have a timescale but at least one module in design has a timescale.
WARNING: [XSIM 43-4099] "C:/Users/Orion/Documents/GitHub/ECE385_final/lab6/lab6.srcs/sources_1/imports/sources_1/new/wavegen.sv" Line 1. Module wave_gen doesn't have a timescale but at least one module in design has a timescale.
WARNING: [XSIM 43-4099] "C:/Users/Orion/Documents/GitHub/ECE385_final/lab6/lab6.srcs/sources_1/imports/sources_1/new/piano.sv" Line 2. Module piano_lut doesn't have a timescale but at least one module in design has a timescale.
WARNING: [XSIM 43-4099] "C:/Users/Orion/Documents/GitHub/ECE385_final/lab6/lab6.srcs/sources_1/imports/sources_1/new/wavegen.sv" Line 1. Module wave_gen doesn't have a timescale but at least one module in design has a timescale.
WARNING: [XSIM 43-4099] "C:/Users/Orion/Documents/GitHub/ECE385_final/lab6/lab6.srcs/sources_1/imports/sources_1/new/piano.sv" Line 2. Module piano_lut doesn't have a timescale but at least one module in design has a timescale.
WARNING: [XSIM 43-4099] "C:/Users/Orion/Documents/GitHub/ECE385_final/lab6/lab6.srcs/sources_1/imports/sources_1/new/wavegen.sv" Line 1. Module wave_gen doesn't have a timescale but at least one module in design has a timescale.
WARNING: [XSIM 43-4099] "C:/Users/Orion/Documents/GitHub/ECE385_final/lab6/lab6.srcs/sources_1/imports/sources_1/new/piano.sv" Line 2. Module piano_lut doesn't have a timescale but at least one module in design has a timescale.
WARNING: [XSIM 43-4099] "C:/Users/Orion/Documents/GitHub/ECE385_final/lab6/lab6.srcs/sources_1/imports/sources_1/new/wavegen.sv" Line 1. Module wave_gen doesn't have a timescale but at least one module in design has a timescale.
WARNING: [XSIM 43-4099] "C:/Users/Orion/Documents/GitHub/ECE385_final/lab6/lab6.srcs/sources_1/imports/sources_1/new/piano.sv" Line 2. Module piano_lut doesn't have a timescale but at least one module in design has a timescale.
WARNING: [XSIM 43-4099] "C:/Users/Orion/Documents/GitHub/ECE385_final/lab6/lab6.srcs/sources_1/imports/sources_1/new/wavegen.sv" Line 1. Module wave_gen doesn't have a timescale but at least one module in design has a timescale.
WARNING: [XSIM 43-4099] "C:/Users/Orion/Documents/GitHub/ECE385_final/lab6/lab6.srcs/sources_1/imports/sources_1/new/piano.sv" Line 2. Module piano_lut doesn't have a timescale but at least one module in design has a timescale.
WARNING: [XSIM 43-4099] "C:/Users/Orion/Documents/GitHub/ECE385_final/lab6/lab6.srcs/sources_1/imports/sources_1/new/wavegen.sv" Line 1. Module wave_gen doesn't have a timescale but at least one module in design has a timescale.
WARNING: [XSIM 43-4099] "C:/Users/Orion/Documents/GitHub/ECE385_final/lab6/lab6.srcs/sources_1/imports/sources_1/new/piano.sv" Line 2. Module piano_lut doesn't have a timescale but at least one module in design has a timescale.
WARNING: [XSIM 43-4099] "C:/Users/Orion/Documents/GitHub/ECE385_final/lab6/lab6.srcs/sources_1/imports/sources_1/new/wavegen.sv" Line 1. Module wave_gen doesn't have a timescale but at least one module in design has a timescale.
WARNING: [XSIM 43-4099] "C:/Users/Orion/Documents/GitHub/ECE385_final/lab6/lab6.srcs/sources_1/imports/sources_1/new/piano.sv" Line 2. Module piano_lut doesn't have a timescale but at least one module in design has a timescale.
WARNING: [XSIM 43-4099] "C:/Users/Orion/Documents/GitHub/ECE385_final/lab6/lab6.srcs/sources_1/imports/sources_1/new/wavegen.sv" Line 1. Module wave_gen doesn't have a timescale but at least one module in design has a timescale.
WARNING: [XSIM 43-4099] "C:/Users/Orion/Documents/GitHub/ECE385_final/lab6/lab6.srcs/sources_1/imports/sources_1/new/piano.sv" Line 2. Module piano_lut doesn't have a timescale but at least one module in design has a timescale.
WARNING: [XSIM 43-4099] "C:/Users/Orion/Documents/GitHub/ECE385_final/lab6/lab6.srcs/sources_1/imports/sources_1/new/volume.sv" Line 2. Module volume doesn't have a timescale but at least one module in design has a timescale.
WARNING: [XSIM 43-4099] "C:/Users/Orion/Documents/GitHub/ECE385_final/lab6/lab6.srcs/sources_1/imports/sources_1/new/pwm.sv" Line 4. Module pwm doesn't have a timescale but at least one module in design has a timescale.
Completed simulation data flow analysis
Time Resolution for simulation is 1ps
Compiling module xil_defaultlib.negedge_detector
Compiling module xil_defaultlib.piano_lut
Compiling module xil_defaultlib.wave_gen
Compiling module xil_defaultlib.tonegen_default
Compiling module xil_defaultlib.volume
Compiling module xil_defaultlib.pwm
Compiling module xil_defaultlib.audio_top
Compiling module xil_defaultlib.soundtest
Compiling module xil_defaultlib.glbl
Built simulation snapshot soundtest_behav
